2026-07-07 08:24:44,471 INFO Log file: /home/runner/work/forecast-redelong/forecast-redelong/outputs/plta_redelong/logs/forecast_20260707_152444.log
2026-07-07 08:24:44,472 INFO Output dir: /home/runner/work/forecast-redelong/forecast-redelong/outputs/plta_redelong
2026-07-07 08:24:44,472 INFO Metadata lokasi: slug=plta_redelong adm4=11.17.00.0000 bmkg_point=PLTA Redelong area_level=catchment_point proxy_bmkg=True
2026-07-07 08:24:44,472 INFO Koordinat: lat=4.748139 lon=96.977344 timezone=Asia/Jakarta
2026-07-07 08:24:44,472 INFO Catatan lokasi: PLTA Redelong catchment representative point. ADM4 placeholder only; BMKG source not active in this run.
2026-07-07 08:24:44,472 INFO Locations file: /home/runner/work/forecast-redelong/forecast-redelong/locations.json
2026-07-07 08:24:44,473 INFO Mulai proses untuk lokasi PLTA Redelong
2026-07-07 08:24:44,473 INFO Target date: 2026-07-07
2026-07-07 08:24:44,473 INFO Target hours: 06:00, 09:00, 12:00, 15:00, 18:00
2026-07-07 08:24:44,473 INFO Sumber aktif: ECMWF, GFS, ICON, CMA, METEOFRANCE, KMA, UKMO, METNO
2026-07-07 08:24:44,473 INFO Bobot aktif: BMKG=1.35, CMA=0.85, ECMWF=1.2, GFS=1.0, ICON=1.05, KMA=0.9, METEOFRANCE=1.1, METNO=1.0, UKMO=0.95
2026-07-07 08:25:04,274 INFO Selesai.
2026-07-07 08:25:04,274 INFO Sumber sukses: 8/8
2026-07-07 08:25:04,274 INFO Total forecast point: 37
2026-07-07 08:25:04,274 INFO CMA: OK (5/5 point) http=200 t=507ms 
2026-07-07 08:25:04,274 INFO ECMWF: OK (5/5 point) http=200 t=496ms 
2026-07-07 08:25:04,274 INFO GFS: OK (5/5 point) http=200 t=447ms 
2026-07-07 08:25:04,274 INFO ICON: OK (5/5 point) http=200 t=496ms 
2026-07-07 08:25:04,274 INFO KMA: OK (5/5 point) http=200 t=490ms 
2026-07-07 08:25:04,274 INFO METEOFRANCE: OK (5/5 point) http=200 t=500ms 
2026-07-07 08:25:04,274 INFO METNO: OK (2/5 point) http=200 t=586ms 
2026-07-07 08:25:04,274 INFO UKMO: OK (5/5 point) http=200 t=505ms 
