2026-07-13 23:26:50,710 INFO Log file: /home/runner/work/forecast-redelong/forecast-redelong/outputs/plta_redelong/logs/forecast_20260714_062650.log
2026-07-13 23:26:50,710 INFO Output dir: /home/runner/work/forecast-redelong/forecast-redelong/outputs/plta_redelong
2026-07-13 23:26:50,710 INFO Metadata lokasi: slug=plta_redelong adm4=11.17.05.2002 bmkg_point=Bale Redelong area_level=catchment_point proxy_bmkg=True
2026-07-13 23:26:50,710 INFO Koordinat: lat=4.748139 lon=96.977344 timezone=Asia/Jakarta
2026-07-13 23:26:50,710 INFO Catatan lokasi: Forecast Redelong representative point. BMKG ADM4 reference: 11.17.05.2002 (Bale Redelong). Initial BMKG reference for Forecast Redelong
2026-07-13 23:26:50,710 INFO Locations file: /home/runner/work/forecast-redelong/forecast-redelong/locations.json
2026-07-13 23:26:50,710 INFO Mulai proses untuk lokasi PLTA Redelong
2026-07-13 23:26:50,710 INFO Target date: 2026-07-16
2026-07-13 23:26:50,710 INFO Target hours: 06:00, 09:00, 12:00, 15:00, 18:00
2026-07-13 23:26:50,710 INFO Sumber aktif: BMKG, ECMWF, GFS, ICON, CMA, METEOFRANCE, KMA, UKMO, METNO
2026-07-13 23:26:50,711 INFO Bobot aktif: BMKG=1.35, CMA=0.85, ECMWF=1.2, GFS=1.0, ICON=1.05, KMA=0.9, METEOFRANCE=1.1, METNO=1.0, UKMO=0.95
2026-07-13 23:27:22,724 INFO Selesai.
2026-07-13 23:27:22,724 INFO Sumber sukses: 9/9
2026-07-13 23:27:22,724 INFO Total forecast point: 45
2026-07-13 23:27:22,724 INFO BMKG: OK (5/5 point) http=200 t=51ms 
2026-07-13 23:27:22,724 INFO CMA: OK (5/5 point) http=200 t=599ms 
2026-07-13 23:27:22,724 INFO ECMWF: OK (5/5 point) http=200 t=587ms 
2026-07-13 23:27:22,724 INFO GFS: OK (5/5 point) http=200 t=605ms 
2026-07-13 23:27:22,724 INFO ICON: OK (5/5 point) http=200 t=602ms 
2026-07-13 23:27:22,724 INFO KMA: OK (5/5 point) http=200 t=604ms 
2026-07-13 23:27:22,724 INFO METEOFRANCE: OK (5/5 point) http=200 t=622ms 
2026-07-13 23:27:22,724 INFO METNO: OK (5/5 point) http=200 t=597ms 
2026-07-13 23:27:22,724 INFO UKMO: OK (5/5 point) http=200 t=587ms 
