2026-07-20 03:47:01,892 INFO Log file: /home/runner/work/forecast-redelong/forecast-redelong/outputs/plta_redelong/logs/forecast_20260720_104701.log
2026-07-20 03:47:01,892 INFO Output dir: /home/runner/work/forecast-redelong/forecast-redelong/outputs/plta_redelong
2026-07-20 03:47:01,892 INFO Metadata lokasi: slug=plta_redelong adm4=11.17.05.2002 bmkg_point=Bale Redelong area_level=outlet_reference proxy_bmkg=True
2026-07-20 03:47:01,892 INFO Koordinat: lat=4.748139 lon=96.977344 timezone=Asia/Jakarta
2026-07-20 03:47:01,892 INFO Catatan lokasi: Forecast Redelong representative point. BMKG ADM4 reference: 11.17.05.2002 (Bale Redelong). Initial BMKG reference for Forecast Redelong Spatial role: outlet_reference. Titik referensi PLTA; tidak diberi bobot luas.
2026-07-20 03:47:01,892 INFO Locations file: /home/runner/work/forecast-redelong/forecast-redelong/locations.json
2026-07-20 03:47:01,893 INFO Mulai proses untuk lokasi PLTA Redelong
2026-07-20 03:47:01,893 INFO Target date: 2026-07-20
2026-07-20 03:47:01,893 INFO Target hours: 00:00, 01:00, 02:00, 03:00, 04:00, 05:00, 06:00, 07:00, 08:00, 09:00, 10:00, 11:00, 12:00, 13:00, 14:00, 15:00, 16:00, 17:00, 18:00, 19:00, 20:00, 21:00, 22:00, 23:00
2026-07-20 03:47:01,893 INFO Sumber aktif: BMKG, ECMWF, GFS, ICON, CMA, METEOFRANCE, UKMO
2026-07-20 03:47:01,893 INFO Bobot aktif: BMKG=1.35, CMA=1.0, ECMWF=1.0, GFS=1.0, ICON=1.0, KMA=0.9, METEOFRANCE=1.0, METNO=1.0, UKMO=1.0
2026-07-20 03:47:05,860 INFO Selesai.
2026-07-20 03:47:05,860 INFO Sumber sukses: 7/7
2026-07-20 03:47:05,860 INFO Total forecast point: 160
2026-07-20 03:47:05,860 INFO BMKG: OK (16/24 point) http=200 t=217ms 
2026-07-20 03:47:05,860 INFO CMA: OK (24/24 point) http=200 t=562ms 
2026-07-20 03:47:05,860 INFO ECMWF: OK (24/24 point) http=200 t=653ms 
2026-07-20 03:47:05,860 INFO GFS: OK (24/24 point) http=200 t=476ms 
2026-07-20 03:47:05,860 INFO ICON: OK (24/24 point) http=200 t=563ms 
2026-07-20 03:47:05,860 INFO METEOFRANCE: OK (24/24 point) http=200 t=532ms 
2026-07-20 03:47:05,860 INFO UKMO: OK (24/24 point) http=200 t=673ms 
