2026-07-07 08:25:23,645 INFO Log file: /home/runner/work/forecast-redelong/forecast-redelong/outputs/plta_redelong/logs/forecast_20260707_152523.log
2026-07-07 08:25:23,645 INFO Output dir: /home/runner/work/forecast-redelong/forecast-redelong/outputs/plta_redelong
2026-07-07 08:25:23,645 INFO Metadata lokasi: slug=plta_redelong adm4=11.17.00.0000 bmkg_point=PLTA Redelong area_level=catchment_point proxy_bmkg=True
2026-07-07 08:25:23,645 INFO Koordinat: lat=4.748139 lon=96.977344 timezone=Asia/Jakarta
2026-07-07 08:25:23,645 INFO Catatan lokasi: PLTA Redelong catchment representative point. ADM4 placeholder only; BMKG source not active in this run.
2026-07-07 08:25:23,645 INFO Locations file: /home/runner/work/forecast-redelong/forecast-redelong/locations.json
2026-07-07 08:25:23,646 INFO Mulai proses untuk lokasi PLTA Redelong
2026-07-07 08:25:23,646 INFO Target date: 2026-07-09
2026-07-07 08:25:23,646 INFO Target hours: 06:00, 09:00, 12:00, 15:00, 18:00
2026-07-07 08:25:23,646 INFO Sumber aktif: ECMWF, GFS, ICON, CMA, METEOFRANCE, KMA, UKMO, METNO
2026-07-07 08:25:23,646 INFO Bobot aktif: BMKG=1.35, CMA=0.85, ECMWF=1.2, GFS=1.0, ICON=1.05, KMA=0.9, METEOFRANCE=1.1, METNO=1.0, UKMO=0.95
2026-07-07 08:25:42,977 INFO Selesai.
2026-07-07 08:25:42,977 INFO Sumber sukses: 8/8
2026-07-07 08:25:42,977 INFO Total forecast point: 40
2026-07-07 08:25:42,977 INFO CMA: OK (5/5 point) http=200 t=463ms 
2026-07-07 08:25:42,977 INFO ECMWF: OK (5/5 point) http=200 t=461ms 
2026-07-07 08:25:42,977 INFO GFS: OK (5/5 point) http=200 t=461ms 
2026-07-07 08:25:42,977 INFO ICON: OK (5/5 point) http=200 t=461ms 
2026-07-07 08:25:42,977 INFO KMA: OK (5/5 point) http=200 t=440ms 
2026-07-07 08:25:42,977 INFO METEOFRANCE: OK (5/5 point) http=200 t=460ms 
2026-07-07 08:25:42,977 INFO METNO: OK (5/5 point) http=200 t=433ms 
2026-07-07 08:25:42,977 INFO UKMO: OK (5/5 point) http=200 t=461ms 
