2026-07-22 01:29:40,995 INFO Log file: /home/runner/work/forecast-redelong/forecast-redelong/outputs/plta_redelong/logs/forecast_20260722_082940.log
2026-07-22 01:29:40,995 INFO Output dir: /home/runner/work/forecast-redelong/forecast-redelong/outputs/plta_redelong
2026-07-22 01:29:40,995 INFO Metadata lokasi: slug=plta_redelong adm4=11.17.05.2002 bmkg_point=Bale Redelong area_level=outlet_reference proxy_bmkg=True
2026-07-22 01:29:40,995 INFO Koordinat: lat=4.748139 lon=96.977344 timezone=Asia/Jakarta
2026-07-22 01:29:40,995 INFO Catatan lokasi: Forecast Redelong representative point. BMKG ADM4 reference: 11.17.05.2002 (Bale Redelong). Initial BMKG reference for Forecast Redelong Spatial role: outlet_reference. Titik referensi PLTA; tidak diberi bobot luas.
2026-07-22 01:29:40,996 INFO Locations file: /home/runner/work/forecast-redelong/forecast-redelong/locations.json
2026-07-22 01:29:40,997 INFO Mulai proses untuk lokasi PLTA Redelong
2026-07-22 01:29:40,997 INFO Target date: 2026-07-22
2026-07-22 01:29:40,997 INFO Target hours: 00:00, 01:00, 02:00, 03:00, 04:00, 05:00, 06:00, 07:00, 08:00, 09:00, 10:00, 11:00, 12:00, 13:00, 14:00, 15:00, 16:00, 17:00, 18:00, 19:00, 20:00, 21:00, 22:00, 23:00
2026-07-22 01:29:40,997 INFO Sumber aktif: BMKG, ECMWF, GFS, ICON, CMA, METEOFRANCE, UKMO
2026-07-22 01:29:40,997 INFO Bobot aktif: BMKG=1.35, CMA=1.0, ECMWF=1.0, GFS=1.0, ICON=1.0, KMA=0.9, METEOFRANCE=1.0, METNO=1.0, UKMO=1.0
2026-07-22 01:29:43,775 INFO Selesai.
2026-07-22 01:29:43,775 INFO Sumber sukses: 7/7
2026-07-22 01:29:43,775 INFO Total forecast point: 162
2026-07-22 01:29:43,775 INFO BMKG: OK (18/24 point) http=200 t=405ms 
2026-07-22 01:29:43,775 INFO CMA: OK (24/24 point) http=200 t=404ms 
2026-07-22 01:29:43,775 INFO ECMWF: OK (24/24 point) http=200 t=443ms 
2026-07-22 01:29:43,775 INFO GFS: OK (24/24 point) http=200 t=402ms 
2026-07-22 01:29:43,775 INFO ICON: OK (24/24 point) http=200 t=453ms 
2026-07-22 01:29:43,775 INFO METEOFRANCE: OK (24/24 point) http=200 t=497ms 
2026-07-22 01:29:43,775 INFO UKMO: OK (24/24 point) http=200 t=408ms 
