2026-07-17 07:31:11,866 INFO Log file: /home/runner/work/forecast-redelong/forecast-redelong/outputs/plta_redelong/logs/forecast_20260717_143111.log
2026-07-17 07:31:11,866 INFO Output dir: /home/runner/work/forecast-redelong/forecast-redelong/outputs/plta_redelong
2026-07-17 07:31:11,866 INFO Metadata lokasi: slug=plta_redelong adm4=11.17.05.2002 bmkg_point=Bale Redelong area_level=outlet_reference proxy_bmkg=True
2026-07-17 07:31:11,866 INFO Koordinat: lat=4.748139 lon=96.977344 timezone=Asia/Jakarta
2026-07-17 07:31:11,866 INFO Catatan lokasi: Forecast Redelong representative point. BMKG ADM4 reference: 11.17.05.2002 (Bale Redelong). Initial BMKG reference for Forecast Redelong Spatial role: outlet_reference. Titik referensi PLTA; tidak diberi bobot luas.
2026-07-17 07:31:11,866 INFO Locations file: /home/runner/work/forecast-redelong/forecast-redelong/locations.json
2026-07-17 07:31:11,867 INFO Mulai proses untuk lokasi PLTA Redelong
2026-07-17 07:31:11,867 INFO Target date: 2026-07-17
2026-07-17 07:31:11,867 INFO Target hours: 00:00, 01:00, 02:00, 03:00, 04:00, 05:00, 06:00, 07:00, 08:00, 09:00, 10:00, 11:00, 12:00, 13:00, 14:00, 15:00, 16:00, 17:00, 18:00, 19:00, 20:00, 21:00, 22:00, 23:00
2026-07-17 07:31:11,867 INFO Sumber aktif: BMKG, ECMWF, GFS, ICON, CMA, METEOFRANCE, UKMO
2026-07-17 07:31:11,867 INFO Bobot aktif: BMKG=1.35, CMA=1.0, ECMWF=1.0, GFS=1.0, ICON=1.0, KMA=0.9, METEOFRANCE=1.0, METNO=1.0, UKMO=1.0
2026-07-17 07:31:15,660 INFO Selesai.
2026-07-17 07:31:15,661 INFO Sumber sukses: 7/7
2026-07-17 07:31:15,661 INFO Total forecast point: 156
2026-07-17 07:31:15,661 INFO BMKG: OK (12/24 point) http=200 t=917ms 
2026-07-17 07:31:15,661 INFO CMA: OK (24/24 point) http=200 t=589ms 
2026-07-17 07:31:15,661 INFO ECMWF: OK (24/24 point) http=200 t=676ms 
2026-07-17 07:31:15,661 INFO GFS: OK (24/24 point) http=200 t=589ms 
2026-07-17 07:31:15,661 INFO ICON: OK (24/24 point) http=200 t=656ms 
2026-07-17 07:31:15,661 INFO METEOFRANCE: OK (24/24 point) http=200 t=557ms 
2026-07-17 07:31:15,661 INFO UKMO: OK (24/24 point) http=200 t=556ms 
