2026-07-13 10:44:07,466 INFO Log file: /home/runner/work/forecast-redelong/forecast-redelong/outputs/plta_redelong/logs/forecast_20260713_174407.log
2026-07-13 10:44:07,467 INFO Output dir: /home/runner/work/forecast-redelong/forecast-redelong/outputs/plta_redelong
2026-07-13 10:44:07,467 INFO Metadata lokasi: slug=plta_redelong adm4=11.17.05.2002 bmkg_point=Bale Redelong area_level=catchment_point proxy_bmkg=True
2026-07-13 10:44:07,467 INFO Koordinat: lat=4.748139 lon=96.977344 timezone=Asia/Jakarta
2026-07-13 10:44:07,467 INFO Catatan lokasi: Forecast Redelong representative point. BMKG ADM4 reference: 11.17.05.2002 (Bale Redelong). Initial BMKG reference for Forecast Redelong
2026-07-13 10:44:07,467 INFO Locations file: /home/runner/work/forecast-redelong/forecast-redelong/locations.json
2026-07-13 10:44:07,467 INFO Mulai proses untuk lokasi PLTA Redelong
2026-07-13 10:44:07,467 INFO Target date: 2026-07-15
2026-07-13 10:44:07,467 INFO Target hours: 06:00, 09:00, 12:00, 15:00, 18:00
2026-07-13 10:44:07,467 INFO Sumber aktif: BMKG, ECMWF, GFS, ICON, CMA, METEOFRANCE, KMA, UKMO, METNO
2026-07-13 10:44:07,467 INFO Bobot aktif: BMKG=1.35, CMA=0.85, ECMWF=1.2, GFS=1.0, ICON=1.05, KMA=0.9, METEOFRANCE=1.1, METNO=1.0, UKMO=0.95
2026-07-13 10:44:38,233 INFO Selesai.
2026-07-13 10:44:38,233 INFO Sumber sukses: 9/9
2026-07-13 10:44:38,233 INFO Total forecast point: 45
2026-07-13 10:44:38,233 INFO BMKG: OK (5/5 point) http=200 t=55ms 
2026-07-13 10:44:38,233 INFO CMA: OK (5/5 point) http=200 t=522ms 
2026-07-13 10:44:38,233 INFO ECMWF: OK (5/5 point) http=200 t=500ms 
2026-07-13 10:44:38,233 INFO GFS: OK (5/5 point) http=200 t=526ms 
2026-07-13 10:44:38,233 INFO ICON: OK (5/5 point) http=200 t=500ms 
2026-07-13 10:44:38,233 INFO KMA: OK (5/5 point) http=200 t=501ms 
2026-07-13 10:44:38,233 INFO METEOFRANCE: OK (5/5 point) http=200 t=501ms 
2026-07-13 10:44:38,233 INFO METNO: OK (5/5 point) http=200 t=665ms 
2026-07-13 10:44:38,233 INFO UKMO: OK (5/5 point) http=200 t=522ms 
