2026-07-08 07:55:24,452 INFO Log file: /home/runner/work/forecast-redelong/forecast-redelong/outputs/plta_redelong/logs/forecast_20260708_145524.log
2026-07-08 07:55:24,452 INFO Output dir: /home/runner/work/forecast-redelong/forecast-redelong/outputs/plta_redelong
2026-07-08 07:55:24,453 INFO Metadata lokasi: slug=plta_redelong adm4=11.17.05.2002 bmkg_point=Bale Redelong area_level=catchment_point proxy_bmkg=True
2026-07-08 07:55:24,453 INFO Koordinat: lat=4.748139 lon=96.977344 timezone=Asia/Jakarta
2026-07-08 07:55:24,453 INFO Catatan lokasi: Forecast Redelong representative point. BMKG ADM4 reference: 11.17.05.2002 (Bale Redelong). Initial BMKG reference for Forecast Redelong
2026-07-08 07:55:24,453 INFO Locations file: /home/runner/work/forecast-redelong/forecast-redelong/locations.json
2026-07-08 07:55:24,454 INFO Mulai proses untuk lokasi PLTA Redelong
2026-07-08 07:55:24,454 INFO Target date: 2026-07-08
2026-07-08 07:55:24,454 INFO Target hours: 06:00, 09:00, 12:00, 15:00, 18:00
2026-07-08 07:55:24,454 INFO Sumber aktif: BMKG, ECMWF, GFS, ICON, CMA, METEOFRANCE, KMA, UKMO, METNO
2026-07-08 07:55:24,454 INFO Bobot aktif: BMKG=1.35, CMA=0.85, ECMWF=1.2, GFS=1.0, ICON=1.05, KMA=0.9, METEOFRANCE=1.1, METNO=1.0, UKMO=0.95
2026-07-08 07:55:56,926 INFO Selesai.
2026-07-08 07:55:56,927 INFO Sumber sukses: 9/9
2026-07-08 07:55:56,927 INFO Total forecast point: 41
2026-07-08 07:55:56,927 INFO BMKG: OK (3/5 point) http=200 t=908ms 
2026-07-08 07:55:56,927 INFO CMA: OK (5/5 point) http=200 t=702ms 
2026-07-08 07:55:56,927 INFO ECMWF: OK (5/5 point) http=200 t=673ms 
2026-07-08 07:55:56,927 INFO GFS: OK (5/5 point) http=200 t=542ms 
2026-07-08 07:55:56,927 INFO ICON: OK (5/5 point) http=200 t=508ms 
2026-07-08 07:55:56,927 INFO KMA: OK (5/5 point) http=200 t=678ms 
2026-07-08 07:55:56,927 INFO METEOFRANCE: OK (5/5 point) http=200 t=564ms 
2026-07-08 07:55:56,927 INFO METNO: OK (3/5 point) http=200 t=532ms 
2026-07-08 07:55:56,927 INFO UKMO: OK (5/5 point) http=200 t=508ms 
