2026-07-20 10:33:55,698 INFO Log file: /home/runner/work/forecast-redelong/forecast-redelong/outputs/pltm_besai_kemu_headpond/logs/forecast_20260720_173355.log
2026-07-20 10:33:55,698 INFO Output dir: /home/runner/work/forecast-redelong/forecast-redelong/outputs/pltm_besai_kemu_headpond
2026-07-20 10:33:55,698 INFO Metadata lokasi: slug=pltm_besai_kemu_headpond adm4=18.08.03.2017 bmkg_point=Kemu area_level=independent_site_engineering_point proxy_bmkg=True
2026-07-20 10:33:55,698 INFO Koordinat: lat=-4.839133333 lon=104.509577778 timezone=Asia/Jakarta
2026-07-20 10:33:55,698 INFO Catatan lokasi: Headpond Besai Kemu engineering forecast reference for PLTM Besai Kemu. The catchment polygon remains pending.
2026-07-20 10:33:55,698 INFO Locations file: /home/runner/work/forecast-redelong/forecast-redelong/locations.json
2026-07-20 10:33:55,698 INFO Mulai proses untuk lokasi Headpond Besai Kemu
2026-07-20 10:33:55,698 INFO Target date: 2026-07-22
2026-07-20 10:33:55,698 INFO Target hours: 00:00, 01:00, 02:00, 03:00, 04:00, 05:00, 06:00, 07:00, 08:00, 09:00, 10:00, 11:00, 12:00, 13:00, 14:00, 15:00, 16:00, 17:00, 18:00, 19:00, 20:00, 21:00, 22:00, 23:00
2026-07-20 10:33:55,698 INFO Sumber aktif: BMKG, ECMWF, GFS, ICON, CMA, METEOFRANCE, UKMO
2026-07-20 10:33:55,698 INFO Bobot aktif: BMKG=1.35, CMA=1.0, ECMWF=1.0, GFS=1.0, ICON=1.0, KMA=0.9, METEOFRANCE=1.0, METNO=1.0, UKMO=1.0
2026-07-20 10:34:20,263 INFO Selesai.
2026-07-20 10:34:20,263 INFO Sumber sukses: 7/7
2026-07-20 10:34:20,263 INFO Total forecast point: 168
2026-07-20 10:34:20,263 INFO BMKG: OK (24/24 point) http=200 t=35ms 
2026-07-20 10:34:20,263 INFO CMA: OK (24/24 point) http=200 t=423ms 
2026-07-20 10:34:20,263 INFO ECMWF: OK (24/24 point) http=200 t=419ms 
2026-07-20 10:34:20,263 INFO GFS: OK (24/24 point) http=200 t=428ms 
2026-07-20 10:34:20,263 INFO ICON: OK (24/24 point) http=200 t=428ms 
2026-07-20 10:34:20,263 INFO METEOFRANCE: OK (24/24 point) http=200 t=476ms 
2026-07-20 10:34:20,263 INFO UKMO: OK (24/24 point) http=200 t=439ms 
