2026-07-20 07:39:31,417 INFO Log file: /home/runner/work/forecast-redelong/forecast-redelong/outputs/pltm_besai_kemu_headpond/logs/forecast_20260720_143931.log
2026-07-20 07:39:31,417 INFO Output dir: /home/runner/work/forecast-redelong/forecast-redelong/outputs/pltm_besai_kemu_headpond
2026-07-20 07:39:31,417 INFO Metadata lokasi: slug=pltm_besai_kemu_headpond adm4=18.08.03.2017 bmkg_point=Kemu area_level=independent_site_engineering_point proxy_bmkg=True
2026-07-20 07:39:31,417 INFO Koordinat: lat=-4.839133333 lon=104.509577778 timezone=Asia/Jakarta
2026-07-20 07:39:31,417 INFO Catatan lokasi: Headpond Besai Kemu engineering forecast reference for PLTM Besai Kemu. The catchment polygon remains pending.
2026-07-20 07:39:31,417 INFO Locations file: /home/runner/work/forecast-redelong/forecast-redelong/locations.json
2026-07-20 07:39:31,417 INFO Mulai proses untuk lokasi Headpond Besai Kemu
2026-07-20 07:39:31,417 INFO Target date: 2026-07-20
2026-07-20 07:39:31,417 INFO Target hours: 00:00, 01:00, 02:00, 03:00, 04:00, 05:00, 06:00, 07:00, 08:00, 09:00, 10:00, 11:00, 12:00, 13:00, 14:00, 15:00, 16:00, 17:00, 18:00, 19:00, 20:00, 21:00, 22:00, 23:00
2026-07-20 07:39:31,417 INFO Sumber aktif: BMKG, ECMWF, GFS, ICON, CMA, METEOFRANCE, UKMO
2026-07-20 07:39:31,417 INFO Bobot aktif: BMKG=1.35, CMA=1.0, ECMWF=1.0, GFS=1.0, ICON=1.0, KMA=0.9, METEOFRANCE=1.0, METNO=1.0, UKMO=1.0
2026-07-20 07:39:35,324 INFO Selesai.
2026-07-20 07:39:35,324 INFO Sumber sukses: 7/7
2026-07-20 07:39:35,324 INFO Total forecast point: 156
2026-07-20 07:39:35,324 INFO BMKG: OK (12/24 point) http=200 t=415ms 
2026-07-20 07:39:35,324 INFO CMA: OK (24/24 point) http=200 t=609ms 
2026-07-20 07:39:35,324 INFO ECMWF: OK (24/24 point) http=200 t=637ms 
2026-07-20 07:39:35,324 INFO GFS: OK (24/24 point) http=200 t=627ms 
2026-07-20 07:39:35,324 INFO ICON: OK (24/24 point) http=200 t=633ms 
2026-07-20 07:39:35,324 INFO METEOFRANCE: OK (24/24 point) http=200 t=600ms 
2026-07-20 07:39:35,324 INFO UKMO: OK (24/24 point) http=200 t=622ms 
