2026-07-08 02:36:03,646 INFO Log file: /home/runner/work/forecast-redelong/forecast-redelong/outputs/gpm4/logs/forecast_20260708_093603.log
2026-07-08 02:36:03,647 INFO Output dir: /home/runner/work/forecast-redelong/forecast-redelong/outputs/gpm4
2026-07-08 02:36:03,647 INFO Metadata lokasi: slug=gpm4 adm4=11.17.05.2002 bmkg_point=Bale Redelong area_level=catchment_point proxy_bmkg=True
2026-07-08 02:36:03,647 INFO Koordinat: lat=4.778238355009202 lon=96.8876539578458 timezone=Asia/Jakarta
2026-07-08 02:36:03,647 INFO Catatan lokasi: Forecast Redelong representative point. BMKG ADM4 reference: 11.17.05.2002 (Bale Redelong). Initial BMKG reference for catchment point
2026-07-08 02:36:03,647 INFO Locations file: /home/runner/work/forecast-redelong/forecast-redelong/locations.json
2026-07-08 02:36:03,647 INFO Mulai proses untuk lokasi GPM4
2026-07-08 02:36:03,647 INFO Target date: 2026-07-09
2026-07-08 02:36:03,647 INFO Target hours: 06:00, 09:00, 12:00, 15:00, 18:00
2026-07-08 02:36:03,647 INFO Sumber aktif: BMKG, ECMWF, GFS, ICON, CMA, METEOFRANCE, KMA, UKMO, METNO
2026-07-08 02:36:03,647 INFO Bobot aktif: BMKG=1.35, CMA=0.85, ECMWF=1.2, GFS=1.0, ICON=1.05, KMA=0.9, METEOFRANCE=1.1, METNO=1.0, UKMO=0.95
2026-07-08 02:36:59,773 INFO Selesai.
2026-07-08 02:36:59,773 INFO Sumber sukses: 9/9
2026-07-08 02:36:59,773 INFO Total forecast point: 45
2026-07-08 02:36:59,773 INFO BMKG: OK (5/5 point) http=200 t=26ms 
2026-07-08 02:36:59,773 INFO CMA: OK (5/5 point) http=200 t=847ms 
2026-07-08 02:36:59,773 INFO ECMWF: OK (5/5 point) http=200 t=828ms 
2026-07-08 02:36:59,773 INFO GFS: OK (5/5 point) http=200 t=639ms 
2026-07-08 02:36:59,773 INFO ICON: OK (5/5 point) http=200 t=846ms 
2026-07-08 02:36:59,773 INFO KMA: OK (5/5 point) http=200 t=630ms 
2026-07-08 02:36:59,773 INFO METEOFRANCE: OK (5/5 point) http=200 t=793ms 
2026-07-08 02:36:59,773 INFO METNO: OK (5/5 point) http=200 t=624ms 
2026-07-08 02:36:59,773 INFO UKMO: OK (5/5 point) http=200 t=643ms 
