2026-07-08 08:03:46,431 INFO Log file: /home/runner/work/forecast-redelong/forecast-redelong/outputs/gpm4/logs/forecast_20260708_150346.log
2026-07-08 08:03:46,431 INFO Output dir: /home/runner/work/forecast-redelong/forecast-redelong/outputs/gpm4
2026-07-08 08:03:46,431 INFO Metadata lokasi: slug=gpm4 adm4=11.17.05.2002 bmkg_point=Bale Redelong area_level=catchment_point proxy_bmkg=True
2026-07-08 08:03:46,431 INFO Koordinat: lat=4.778238355009202 lon=96.8876539578458 timezone=Asia/Jakarta
2026-07-08 08:03:46,431 INFO Catatan lokasi: Forecast Redelong representative point. BMKG ADM4 reference: 11.17.05.2002 (Bale Redelong). Initial BMKG reference for catchment point
2026-07-08 08:03:46,431 INFO Locations file: /home/runner/work/forecast-redelong/forecast-redelong/locations.json
2026-07-08 08:03:46,432 INFO Mulai proses untuk lokasi GPM4
2026-07-08 08:03:46,432 INFO Target date: 2026-07-09
2026-07-08 08:03:46,432 INFO Target hours: 06:00, 09:00, 12:00, 15:00, 18:00
2026-07-08 08:03:46,432 INFO Sumber aktif: BMKG, ECMWF, GFS, ICON, CMA, METEOFRANCE, KMA, UKMO, METNO
2026-07-08 08:03:46,432 INFO Bobot aktif: BMKG=1.35, CMA=0.85, ECMWF=1.2, GFS=1.0, ICON=1.05, KMA=0.9, METEOFRANCE=1.1, METNO=1.0, UKMO=0.95
2026-07-08 08:04:17,158 INFO Selesai.
2026-07-08 08:04:17,158 INFO Sumber sukses: 9/9
2026-07-08 08:04:17,158 INFO Total forecast point: 45
2026-07-08 08:04:17,159 INFO BMKG: OK (5/5 point) http=200 t=59ms 
2026-07-08 08:04:17,159 INFO CMA: OK (5/5 point) http=200 t=470ms 
2026-07-08 08:04:17,159 INFO ECMWF: OK (5/5 point) http=200 t=503ms 
2026-07-08 08:04:17,159 INFO GFS: OK (5/5 point) http=200 t=557ms 
2026-07-08 08:04:17,159 INFO ICON: OK (5/5 point) http=200 t=477ms 
2026-07-08 08:04:17,159 INFO KMA: OK (5/5 point) http=200 t=630ms 
2026-07-08 08:04:17,159 INFO METEOFRANCE: OK (5/5 point) http=200 t=662ms 
2026-07-08 08:04:17,159 INFO METNO: OK (5/5 point) http=200 t=509ms 
2026-07-08 08:04:17,159 INFO UKMO: OK (5/5 point) http=200 t=491ms 
