2026-07-15 23:28:38,405 INFO Log file: /home/runner/work/forecast-redelong/forecast-redelong/outputs/gpm4/logs/forecast_20260716_062838.log
2026-07-15 23:28:38,405 INFO Output dir: /home/runner/work/forecast-redelong/forecast-redelong/outputs/gpm4
2026-07-15 23:28:38,405 INFO Metadata lokasi: slug=gpm4 adm4=11.17.05.2002 bmkg_point=Bale Redelong area_level=provisional_catchment proxy_bmkg=True
2026-07-15 23:28:38,405 INFO Koordinat: lat=4.778238355009202 lon=96.8876539578458 timezone=Asia/Jakarta
2026-07-15 23:28:38,405 INFO Catatan lokasi: Forecast Redelong representative point. BMKG ADM4 reference: 11.17.05.2002 (Bale Redelong). Initial BMKG reference for catchment point Spatial role: provisional_catchment. Area analisis provisional; menunggu konfirmasi batas DAS resmi.
2026-07-15 23:28:38,405 INFO Locations file: /home/runner/work/forecast-redelong/forecast-redelong/locations.json
2026-07-15 23:28:38,406 INFO Mulai proses untuk lokasi GPM4
2026-07-15 23:28:38,406 INFO Target date: 2026-07-17
2026-07-15 23:28:38,406 INFO Target hours: 00:00, 01:00, 02:00, 03:00, 04:00, 05:00, 06:00, 07:00, 08:00, 09:00, 10:00, 11:00, 12:00, 13:00, 14:00, 15:00, 16:00, 17:00, 18:00, 19:00, 20:00, 21:00, 22:00, 23:00
2026-07-15 23:28:38,406 INFO Sumber aktif: BMKG, ECMWF, GFS, ICON, CMA, METEOFRANCE, UKMO
2026-07-15 23:28:38,406 INFO Bobot aktif: BMKG=1.35, CMA=1.0, ECMWF=1.0, GFS=1.0, ICON=1.0, KMA=0.9, METEOFRANCE=1.0, METNO=1.0, UKMO=1.0
2026-07-15 23:28:40,930 INFO Selesai.
2026-07-15 23:28:40,930 INFO Sumber sukses: 7/7
2026-07-15 23:28:40,930 INFO Total forecast point: 168
2026-07-15 23:28:40,930 INFO BMKG: OK (24/24 point) http=200 t=36ms 
2026-07-15 23:28:40,930 INFO CMA: OK (24/24 point) http=200 t=395ms 
2026-07-15 23:28:40,930 INFO ECMWF: OK (24/24 point) http=200 t=392ms 
2026-07-15 23:28:40,930 INFO GFS: OK (24/24 point) http=200 t=408ms 
2026-07-15 23:28:40,930 INFO ICON: OK (24/24 point) http=200 t=393ms 
2026-07-15 23:28:40,930 INFO METEOFRANCE: OK (24/24 point) http=200 t=394ms 
2026-07-15 23:28:40,930 INFO UKMO: OK (24/24 point) http=200 t=392ms 
