2026-07-17 07:32:15,144 INFO Log file: /home/runner/work/forecast-redelong/forecast-redelong/outputs/gpm1/logs/forecast_20260717_143215.log
2026-07-17 07:32:15,144 INFO Output dir: /home/runner/work/forecast-redelong/forecast-redelong/outputs/gpm1
2026-07-17 07:32:15,144 INFO Metadata lokasi: slug=gpm1 adm4=11.17.05.2002 bmkg_point=Bale Redelong area_level=provisional_catchment proxy_bmkg=True
2026-07-17 07:32:15,144 INFO Koordinat: lat=4.81572033808049 lon=96.877105410688 timezone=Asia/Jakarta
2026-07-17 07:32:15,144 INFO Catatan lokasi: Forecast Redelong representative point. BMKG ADM4 reference: 11.17.05.2002 (Bale Redelong). Initial BMKG reference for catchment point Spatial role: provisional_catchment. Area analisis provisional; menunggu konfirmasi batas DAS resmi.
2026-07-17 07:32:15,144 INFO Locations file: /home/runner/work/forecast-redelong/forecast-redelong/locations.json
2026-07-17 07:32:15,145 INFO Mulai proses untuk lokasi GPM1
2026-07-17 07:32:15,145 INFO Target date: 2026-07-18
2026-07-17 07:32:15,145 INFO Target hours: 00:00, 01:00, 02:00, 03:00, 04:00, 05:00, 06:00, 07:00, 08:00, 09:00, 10:00, 11:00, 12:00, 13:00, 14:00, 15:00, 16:00, 17:00, 18:00, 19:00, 20:00, 21:00, 22:00, 23:00
2026-07-17 07:32:15,145 INFO Sumber aktif: BMKG, ECMWF, GFS, ICON, CMA, METEOFRANCE, UKMO
2026-07-17 07:32:15,145 INFO Bobot aktif: BMKG=1.35, CMA=1.0, ECMWF=1.0, GFS=1.0, ICON=1.0, KMA=0.9, METEOFRANCE=1.0, METNO=1.0, UKMO=1.0
2026-07-17 07:32:18,610 INFO Selesai.
2026-07-17 07:32:18,610 INFO Sumber sukses: 7/7
2026-07-17 07:32:18,610 INFO Total forecast point: 168
2026-07-17 07:32:18,610 INFO BMKG: OK (24/24 point) http=200 t=67ms 
2026-07-17 07:32:18,610 INFO CMA: OK (24/24 point) http=200 t=552ms 
2026-07-17 07:32:18,610 INFO ECMWF: OK (24/24 point) http=200 t=551ms 
2026-07-17 07:32:18,610 INFO GFS: OK (24/24 point) http=200 t=551ms 
2026-07-17 07:32:18,610 INFO ICON: OK (24/24 point) http=200 t=552ms 
2026-07-17 07:32:18,610 INFO METEOFRANCE: OK (24/24 point) http=200 t=552ms 
2026-07-17 07:32:18,610 INFO UKMO: OK (24/24 point) http=200 t=556ms 
