2026-07-13 10:44:38,242 INFO Log file: /home/runner/work/forecast-redelong/forecast-redelong/outputs/gpm1/logs/forecast_20260713_174438.log
2026-07-13 10:44:38,242 INFO Output dir: /home/runner/work/forecast-redelong/forecast-redelong/outputs/gpm1
2026-07-13 10:44:38,242 INFO Metadata lokasi: slug=gpm1 adm4=11.17.05.2002 bmkg_point=Bale Redelong area_level=catchment_point proxy_bmkg=True
2026-07-13 10:44:38,242 INFO Koordinat: lat=4.81572033808049 lon=96.877105410688 timezone=Asia/Jakarta
2026-07-13 10:44:38,242 INFO Catatan lokasi: Forecast Redelong representative point. BMKG ADM4 reference: 11.17.05.2002 (Bale Redelong). Initial BMKG reference for catchment point
2026-07-13 10:44:38,242 INFO Locations file: /home/runner/work/forecast-redelong/forecast-redelong/locations.json
2026-07-13 10:44:38,242 INFO Mulai proses untuk lokasi GPM1
2026-07-13 10:44:38,242 INFO Target date: 2026-07-13
2026-07-13 10:44:38,242 INFO Target hours: 06:00, 09:00, 12:00, 15:00, 18:00
2026-07-13 10:44:38,242 INFO Sumber aktif: BMKG, ECMWF, GFS, ICON, CMA, METEOFRANCE, KMA, UKMO, METNO
2026-07-13 10:44:38,242 INFO Bobot aktif: BMKG=1.35, CMA=0.85, ECMWF=1.2, GFS=1.0, ICON=1.05, KMA=0.9, METEOFRANCE=1.1, METNO=1.0, UKMO=0.95
2026-07-13 10:45:09,475 INFO Selesai.
2026-07-13 10:45:09,475 INFO Sumber sukses: 9/9
2026-07-13 10:45:09,475 INFO Total forecast point: 39
2026-07-13 10:45:09,475 INFO BMKG: OK (2/5 point) http=200 t=52ms 
2026-07-13 10:45:09,476 INFO CMA: OK (5/5 point) http=200 t=507ms 
2026-07-13 10:45:09,476 INFO ECMWF: OK (5/5 point) http=200 t=523ms 
2026-07-13 10:45:09,476 INFO GFS: OK (5/5 point) http=200 t=510ms 
2026-07-13 10:45:09,476 INFO ICON: OK (5/5 point) http=200 t=501ms 
2026-07-13 10:45:09,476 INFO KMA: OK (5/5 point) http=200 t=520ms 
2026-07-13 10:45:09,476 INFO METEOFRANCE: OK (5/5 point) http=200 t=553ms 
2026-07-13 10:45:09,476 INFO METNO: OK (2/5 point) http=200 t=423ms 
2026-07-13 10:45:09,476 INFO UKMO: OK (5/5 point) http=200 t=500ms 
