2026-07-11 07:23:34,542 INFO Log file: /home/runner/work/forecast-redelong/forecast-redelong/outputs/gpm1/logs/forecast_20260711_142334.log
2026-07-11 07:23:34,542 INFO Output dir: /home/runner/work/forecast-redelong/forecast-redelong/outputs/gpm1
2026-07-11 07:23:34,542 INFO Metadata lokasi: slug=gpm1 adm4=11.17.05.2002 bmkg_point=Bale Redelong area_level=catchment_point proxy_bmkg=True
2026-07-11 07:23:34,542 INFO Koordinat: lat=4.81572033808049 lon=96.877105410688 timezone=Asia/Jakarta
2026-07-11 07:23:34,542 INFO Catatan lokasi: Forecast Redelong representative point. BMKG ADM4 reference: 11.17.05.2002 (Bale Redelong). Initial BMKG reference for catchment point
2026-07-11 07:23:34,542 INFO Locations file: /home/runner/work/forecast-redelong/forecast-redelong/locations.json
2026-07-11 07:23:34,542 INFO Mulai proses untuk lokasi GPM1
2026-07-11 07:23:34,542 INFO Target date: 2026-07-12
2026-07-11 07:23:34,542 INFO Target hours: 06:00, 09:00, 12:00, 15:00, 18:00
2026-07-11 07:23:34,542 INFO Sumber aktif: BMKG, ECMWF, GFS, ICON, CMA, METEOFRANCE, KMA, UKMO, METNO
2026-07-11 07:23:34,542 INFO Bobot aktif: BMKG=1.35, CMA=0.85, ECMWF=1.2, GFS=1.0, ICON=1.05, KMA=0.9, METEOFRANCE=1.1, METNO=1.0, UKMO=0.95
2026-07-11 07:24:08,523 INFO Selesai.
2026-07-11 07:24:08,523 INFO Sumber sukses: 9/9
2026-07-11 07:24:08,523 INFO Total forecast point: 45
2026-07-11 07:24:08,523 INFO BMKG: OK (5/5 point) http=200 t=25ms 
2026-07-11 07:24:08,523 INFO CMA: OK (5/5 point) http=200 t=660ms 
2026-07-11 07:24:08,523 INFO ECMWF: OK (5/5 point) http=200 t=678ms 
2026-07-11 07:24:08,523 INFO GFS: OK (5/5 point) http=200 t=701ms 
2026-07-11 07:24:08,523 INFO ICON: OK (5/5 point) http=200 t=645ms 
2026-07-11 07:24:08,523 INFO KMA: OK (5/5 point) http=200 t=673ms 
2026-07-11 07:24:08,523 INFO METEOFRANCE: OK (5/5 point) http=200 t=663ms 
2026-07-11 07:24:08,523 INFO METNO: OK (5/5 point) http=200 t=625ms 
2026-07-11 07:24:08,524 INFO UKMO: OK (5/5 point) http=200 t=674ms 
