2026-07-14 23:28:34,466 INFO Log file: /home/runner/work/forecast-redelong/forecast-redelong/outputs/gpm1/logs/forecast_20260715_062834.log
2026-07-14 23:28:34,466 INFO Output dir: /home/runner/work/forecast-redelong/forecast-redelong/outputs/gpm1
2026-07-14 23:28:34,466 INFO Metadata lokasi: slug=gpm1 adm4=11.17.05.2002 bmkg_point=Bale Redelong area_level=catchment_point proxy_bmkg=True
2026-07-14 23:28:34,466 INFO Koordinat: lat=4.81572033808049 lon=96.877105410688 timezone=Asia/Jakarta
2026-07-14 23:28:34,466 INFO Catatan lokasi: Forecast Redelong representative point. BMKG ADM4 reference: 11.17.05.2002 (Bale Redelong). Initial BMKG reference for catchment point
2026-07-14 23:28:34,466 INFO Locations file: /home/runner/work/forecast-redelong/forecast-redelong/locations.json
2026-07-14 23:28:34,466 INFO Mulai proses untuk lokasi GPM1
2026-07-14 23:28:34,466 INFO Target date: 2026-07-16
2026-07-14 23:28:34,466 INFO Target hours: 06:00, 09:00, 12:00, 15:00, 18:00
2026-07-14 23:28:34,466 INFO Sumber aktif: BMKG, ECMWF, GFS, ICON, CMA, METEOFRANCE, KMA, UKMO, METNO
2026-07-14 23:28:34,466 INFO Bobot aktif: BMKG=1.35, CMA=0.85, ECMWF=1.2, GFS=1.0, ICON=1.05, KMA=0.9, METEOFRANCE=1.1, METNO=1.0, UKMO=0.95
2026-07-14 23:29:07,346 INFO Selesai.
2026-07-14 23:29:07,346 INFO Sumber sukses: 9/9
2026-07-14 23:29:07,346 INFO Total forecast point: 45
2026-07-14 23:29:07,346 INFO BMKG: OK (5/5 point) http=200 t=67ms 
2026-07-14 23:29:07,346 INFO CMA: OK (5/5 point) http=200 t=610ms 
2026-07-14 23:29:07,346 INFO ECMWF: OK (5/5 point) http=200 t=618ms 
2026-07-14 23:29:07,346 INFO GFS: OK (5/5 point) http=200 t=611ms 
2026-07-14 23:29:07,346 INFO ICON: OK (5/5 point) http=200 t=610ms 
2026-07-14 23:29:07,346 INFO KMA: OK (5/5 point) http=200 t=637ms 
2026-07-14 23:29:07,346 INFO METEOFRANCE: OK (5/5 point) http=200 t=653ms 
2026-07-14 23:29:07,346 INFO METNO: OK (5/5 point) http=200 t=601ms 
2026-07-14 23:29:07,346 INFO UKMO: OK (5/5 point) http=200 t=603ms 
