2026-07-21 23:26:17,925 INFO Log file: /home/runner/work/forecast-redelong/forecast-redelong/outputs/gpm1/logs/forecast_20260722_062617.log
2026-07-21 23:26:17,925 INFO Output dir: /home/runner/work/forecast-redelong/forecast-redelong/outputs/gpm1
2026-07-21 23:26:17,925 INFO Metadata lokasi: slug=gpm1 adm4=11.17.05.2002 bmkg_point=Bale Redelong area_level=provisional_catchment proxy_bmkg=True
2026-07-21 23:26:17,925 INFO Koordinat: lat=4.81572033808049 lon=96.877105410688 timezone=Asia/Jakarta
2026-07-21 23:26:17,925 INFO Catatan lokasi: Forecast Redelong representative point. BMKG ADM4 reference: 11.17.05.2002 (Bale Redelong). Initial BMKG reference for catchment point Spatial role: provisional_catchment. Area analisis provisional; menunggu konfirmasi batas DAS resmi.
2026-07-21 23:26:17,925 INFO Locations file: /home/runner/work/forecast-redelong/forecast-redelong/locations.json
2026-07-21 23:26:17,925 INFO Mulai proses untuk lokasi GPM1
2026-07-21 23:26:17,925 INFO Target date: 2026-07-22
2026-07-21 23:26:17,925 INFO Target hours: 00:00, 01:00, 02:00, 03:00, 04:00, 05:00, 06:00, 07:00, 08:00, 09:00, 10:00, 11:00, 12:00, 13:00, 14:00, 15:00, 16:00, 17:00, 18:00, 19:00, 20:00, 21:00, 22:00, 23:00
2026-07-21 23:26:17,926 INFO Sumber aktif: BMKG, ECMWF, GFS, ICON, CMA, METEOFRANCE, UKMO
2026-07-21 23:26:17,926 INFO Bobot aktif: BMKG=1.35, CMA=1.0, ECMWF=1.0, GFS=1.0, ICON=1.0, KMA=0.9, METEOFRANCE=1.0, METNO=1.0, UKMO=1.0
2026-07-21 23:26:20,453 INFO Selesai.
2026-07-21 23:26:20,453 INFO Sumber sukses: 7/7
2026-07-21 23:26:20,453 INFO Total forecast point: 164
2026-07-21 23:26:20,453 INFO BMKG: OK (20/24 point) http=200 t=20ms 
2026-07-21 23:26:20,453 INFO CMA: OK (24/24 point) http=200 t=407ms 
2026-07-21 23:26:20,453 INFO ECMWF: OK (24/24 point) http=200 t=395ms 
2026-07-21 23:26:20,453 INFO GFS: OK (24/24 point) http=200 t=394ms 
2026-07-21 23:26:20,453 INFO ICON: OK (24/24 point) http=200 t=391ms 
2026-07-21 23:26:20,453 INFO METEOFRANCE: OK (24/24 point) http=200 t=393ms 
2026-07-21 23:26:20,454 INFO UKMO: OK (24/24 point) http=200 t=392ms 
