2026-07-09 23:26:43,377 INFO Log file: /home/runner/work/forecast-redelong/forecast-redelong/outputs/gpm1/logs/forecast_20260710_062643.log
2026-07-09 23:26:43,378 INFO Output dir: /home/runner/work/forecast-redelong/forecast-redelong/outputs/gpm1
2026-07-09 23:26:43,378 INFO Metadata lokasi: slug=gpm1 adm4=11.17.05.2002 bmkg_point=Bale Redelong area_level=catchment_point proxy_bmkg=True
2026-07-09 23:26:43,378 INFO Koordinat: lat=4.81572033808049 lon=96.877105410688 timezone=Asia/Jakarta
2026-07-09 23:26:43,378 INFO Catatan lokasi: Forecast Redelong representative point. BMKG ADM4 reference: 11.17.05.2002 (Bale Redelong). Initial BMKG reference for catchment point
2026-07-09 23:26:43,378 INFO Locations file: /home/runner/work/forecast-redelong/forecast-redelong/locations.json
2026-07-09 23:26:43,378 INFO Mulai proses untuk lokasi GPM1
2026-07-09 23:26:43,378 INFO Target date: 2026-07-10
2026-07-09 23:26:43,378 INFO Target hours: 06:00, 09:00, 12:00, 15:00, 18:00
2026-07-09 23:26:43,378 INFO Sumber aktif: BMKG, ECMWF, GFS, ICON, CMA, METEOFRANCE, KMA, UKMO, METNO
2026-07-09 23:26:43,378 INFO Bobot aktif: BMKG=1.35, CMA=0.85, ECMWF=1.2, GFS=1.0, ICON=1.05, KMA=0.9, METEOFRANCE=1.1, METNO=1.0, UKMO=0.95
2026-07-09 23:27:12,441 INFO Selesai.
2026-07-09 23:27:12,441 INFO Sumber sukses: 9/9
2026-07-09 23:27:12,441 INFO Total forecast point: 45
2026-07-09 23:27:12,441 INFO BMKG: OK (5/5 point) http=200 t=28ms 
2026-07-09 23:27:12,441 INFO CMA: OK (5/5 point) http=200 t=400ms 
2026-07-09 23:27:12,441 INFO ECMWF: OK (5/5 point) http=200 t=396ms 
2026-07-09 23:27:12,441 INFO GFS: OK (5/5 point) http=200 t=410ms 
2026-07-09 23:27:12,441 INFO ICON: OK (5/5 point) http=200 t=391ms 
2026-07-09 23:27:12,441 INFO KMA: OK (5/5 point) http=200 t=394ms 
2026-07-09 23:27:12,441 INFO METEOFRANCE: OK (5/5 point) http=200 t=392ms 
2026-07-09 23:27:12,441 INFO METNO: OK (5/5 point) http=200 t=509ms 
2026-07-09 23:27:12,441 INFO UKMO: OK (5/5 point) http=200 t=410ms 
