2026-07-21 02:50:36,800 INFO Log file: /home/runner/work/forecast-redelong/forecast-redelong/outputs/pltm_besai_kemu_sumberjaya/logs/forecast_20260721_095036.log
2026-07-21 02:50:36,800 INFO Output dir: /home/runner/work/forecast-redelong/forecast-redelong/outputs/pltm_besai_kemu_sumberjaya
2026-07-21 02:50:36,800 INFO Metadata lokasi: slug=pltm_besai_kemu_sumberjaya adm4=18.08.03.2017 bmkg_point=Kemu area_level=independent_site_engineering_point proxy_bmkg=True
2026-07-21 02:50:36,800 INFO Koordinat: lat=-5.009188889 lon=104.483483333 timezone=Asia/Jakarta
2026-07-21 02:50:36,800 INFO Catatan lokasi: Stasiun Hujan Sumberjaya engineering forecast reference for PLTM Besai Kemu. The catchment polygon remains pending.
2026-07-21 02:50:36,800 INFO Locations file: /home/runner/work/forecast-redelong/forecast-redelong/locations.json
2026-07-21 02:50:36,801 INFO Mulai proses untuk lokasi Stasiun Hujan Sumberjaya
2026-07-21 02:50:36,801 INFO Target date: 2026-07-23
2026-07-21 02:50:36,801 INFO Target hours: 00:00, 01:00, 02:00, 03:00, 04:00, 05:00, 06:00, 07:00, 08:00, 09:00, 10:00, 11:00, 12:00, 13:00, 14:00, 15:00, 16:00, 17:00, 18:00, 19:00, 20:00, 21:00, 22:00, 23:00
2026-07-21 02:50:36,801 INFO Sumber aktif: BMKG, ECMWF, GFS, ICON, CMA, METEOFRANCE, UKMO
2026-07-21 02:50:36,801 INFO Bobot aktif: BMKG=1.35, CMA=1.0, ECMWF=1.0, GFS=1.0, ICON=1.0, KMA=0.9, METEOFRANCE=1.0, METNO=1.0, UKMO=1.0
2026-07-21 02:51:03,492 INFO Selesai.
2026-07-21 02:51:03,493 INFO Sumber sukses: 7/7
2026-07-21 02:51:03,493 INFO Total forecast point: 168
2026-07-21 02:51:03,493 INFO BMKG: OK (24/24 point) http=200 t=32ms 
2026-07-21 02:51:03,493 INFO CMA: OK (24/24 point) http=200 t=643ms 
2026-07-21 02:51:03,493 INFO ECMWF: OK (24/24 point) http=200 t=602ms 
2026-07-21 02:51:03,493 INFO GFS: OK (24/24 point) http=200 t=642ms 
2026-07-21 02:51:03,493 INFO ICON: OK (24/24 point) http=200 t=626ms 
2026-07-21 02:51:03,493 INFO METEOFRANCE: OK (24/24 point) http=200 t=656ms 
2026-07-21 02:51:03,493 INFO UKMO: OK (24/24 point) http=200 t=613ms 
