2026-07-20 07:42:53,898 INFO Log file: /home/runner/work/forecast-redelong/forecast-redelong/outputs/pltm_besai_kemu_sumberjaya/logs/forecast_20260720_144253.log
2026-07-20 07:42:53,898 INFO Output dir: /home/runner/work/forecast-redelong/forecast-redelong/outputs/pltm_besai_kemu_sumberjaya
2026-07-20 07:42:53,898 INFO Metadata lokasi: slug=pltm_besai_kemu_sumberjaya adm4=18.08.03.2017 bmkg_point=Kemu area_level=independent_site_engineering_point proxy_bmkg=True
2026-07-20 07:42:53,898 INFO Koordinat: lat=-5.009188889 lon=104.483483333 timezone=Asia/Jakarta
2026-07-20 07:42:53,898 INFO Catatan lokasi: Stasiun Hujan Sumberjaya engineering forecast reference for PLTM Besai Kemu. The catchment polygon remains pending.
2026-07-20 07:42:53,898 INFO Locations file: /home/runner/work/forecast-redelong/forecast-redelong/locations.json
2026-07-20 07:42:53,899 INFO Mulai proses untuk lokasi Stasiun Hujan Sumberjaya
2026-07-20 07:42:53,899 INFO Target date: 2026-07-23
2026-07-20 07:42:53,899 INFO Target hours: 00:00, 01:00, 02:00, 03:00, 04:00, 05:00, 06:00, 07:00, 08:00, 09:00, 10:00, 11:00, 12:00, 13:00, 14:00, 15:00, 16:00, 17:00, 18:00, 19:00, 20:00, 21:00, 22:00, 23:00
2026-07-20 07:42:53,899 INFO Sumber aktif: BMKG, ECMWF, GFS, ICON, CMA, METEOFRANCE, UKMO
2026-07-20 07:42:53,899 INFO Bobot aktif: BMKG=1.35, CMA=1.0, ECMWF=1.0, GFS=1.0, ICON=1.0, KMA=0.9, METEOFRANCE=1.0, METNO=1.0, UKMO=1.0
2026-07-20 07:42:53,990 INFO BMKG gagal (host=api.bmkg.go.id): BMKG tidak mengembalikan kandidat untuk target date
2026-07-20 07:43:19,494 INFO Selesai.
2026-07-20 07:43:19,494 INFO Sumber sukses: 6/7
2026-07-20 07:43:19,494 INFO Total forecast point: 144
2026-07-20 07:43:19,494 INFO BMKG: FAIL (0/24 point) t=90ms BMKG tidak mengembalikan kandidat untuk target date
2026-07-20 07:43:19,494 INFO CMA: OK (24/24 point) http=200 t=628ms 
2026-07-20 07:43:19,494 INFO ECMWF: OK (24/24 point) http=200 t=602ms 
2026-07-20 07:43:19,494 INFO GFS: OK (24/24 point) http=200 t=620ms 
2026-07-20 07:43:19,494 INFO ICON: OK (24/24 point) http=200 t=620ms 
2026-07-20 07:43:19,494 INFO METEOFRANCE: OK (24/24 point) http=200 t=636ms 
2026-07-20 07:43:19,494 INFO UKMO: OK (24/24 point) http=200 t=601ms 
