2026-07-20 23:29:54,836 INFO Log file: /home/runner/work/forecast-redelong/forecast-redelong/outputs/gpm3/logs/forecast_20260721_062954.log
2026-07-20 23:29:54,836 INFO Output dir: /home/runner/work/forecast-redelong/forecast-redelong/outputs/gpm3
2026-07-20 23:29:54,836 INFO Metadata lokasi: slug=gpm3 adm4=11.17.05.2002 bmkg_point=Bale Redelong area_level=provisional_catchment proxy_bmkg=True
2026-07-20 23:29:54,836 INFO Koordinat: lat=4.815409756944025 lon=97.009911990332 timezone=Asia/Jakarta
2026-07-20 23:29:54,836 INFO Catatan lokasi: Forecast Redelong representative point. BMKG ADM4 reference: 11.17.05.2002 (Bale Redelong). Initial BMKG reference for catchment point Spatial role: provisional_catchment. Area analisis provisional; menunggu konfirmasi batas DAS resmi.
2026-07-20 23:29:54,836 INFO Locations file: /home/runner/work/forecast-redelong/forecast-redelong/locations.json
2026-07-20 23:29:54,836 INFO Mulai proses untuk lokasi GPM3
2026-07-20 23:29:54,836 INFO Target date: 2026-07-24
2026-07-20 23:29:54,836 INFO Target hours: 00:00, 01:00, 02:00, 03:00, 04:00, 05:00, 06:00, 07:00, 08:00, 09:00, 10:00, 11:00, 12:00, 13:00, 14:00, 15:00, 16:00, 17:00, 18:00, 19:00, 20:00, 21:00, 22:00, 23:00
2026-07-20 23:29:54,836 INFO Sumber aktif: BMKG, ECMWF, GFS, ICON, CMA, METEOFRANCE, UKMO
2026-07-20 23:29:54,836 INFO Bobot aktif: BMKG=1.35, CMA=1.0, ECMWF=1.0, GFS=1.0, ICON=1.0, KMA=0.9, METEOFRANCE=1.0, METNO=1.0, UKMO=1.0
2026-07-20 23:29:54,924 INFO BMKG gagal (host=api.bmkg.go.id): BMKG tidak mengembalikan kandidat untuk target date
2026-07-20 23:30:20,933 INFO Selesai.
2026-07-20 23:30:20,933 INFO Sumber sukses: 6/7
2026-07-20 23:30:20,933 INFO Total forecast point: 144
2026-07-20 23:30:20,933 INFO BMKG: FAIL (0/24 point) t=87ms BMKG tidak mengembalikan kandidat untuk target date
2026-07-20 23:30:20,933 INFO CMA: OK (24/24 point) http=200 t=628ms 
2026-07-20 23:30:20,933 INFO ECMWF: OK (24/24 point) http=200 t=647ms 
2026-07-20 23:30:20,933 INFO GFS: OK (24/24 point) http=200 t=605ms 
2026-07-20 23:30:20,933 INFO ICON: OK (24/24 point) http=200 t=599ms 
2026-07-20 23:30:20,933 INFO METEOFRANCE: OK (24/24 point) http=200 t=633ms 
2026-07-20 23:30:20,933 INFO UKMO: OK (24/24 point) http=200 t=585ms 
