2026-07-07 08:27:28,985 INFO Log file: /home/runner/work/forecast-redelong/forecast-redelong/outputs/gpm3/logs/forecast_20260707_152728.log
2026-07-07 08:27:28,985 INFO Output dir: /home/runner/work/forecast-redelong/forecast-redelong/outputs/gpm3
2026-07-07 08:27:28,985 INFO Metadata lokasi: slug=gpm3 adm4=11.17.00.0000 bmkg_point=GPM3 area_level=catchment_point proxy_bmkg=True
2026-07-07 08:27:28,985 INFO Koordinat: lat=4.815409756944025 lon=97.009911990332 timezone=Asia/Jakarta
2026-07-07 08:27:28,985 INFO Catatan lokasi: PLTA Redelong catchment representative point. ADM4 placeholder only; BMKG source not active in this run.
2026-07-07 08:27:28,985 INFO Locations file: /home/runner/work/forecast-redelong/forecast-redelong/locations.json
2026-07-07 08:27:28,985 INFO Mulai proses untuk lokasi GPM3
2026-07-07 08:27:28,985 INFO Target date: 2026-07-07
2026-07-07 08:27:28,985 INFO Target hours: 06:00, 09:00, 12:00, 15:00, 18:00
2026-07-07 08:27:28,986 INFO Sumber aktif: ECMWF, GFS, ICON, CMA, METEOFRANCE, KMA, UKMO, METNO
2026-07-07 08:27:28,986 INFO Bobot aktif: BMKG=1.35, CMA=0.85, ECMWF=1.2, GFS=1.0, ICON=1.05, KMA=0.9, METEOFRANCE=1.1, METNO=1.0, UKMO=0.95
2026-07-07 08:27:41,127 WARNING ECMWF extra vars gagal, fallback variabel dasar: <urlopen error _ssl.c:999: The handshake operation timed out>
2026-07-07 08:28:00,568 INFO Selesai.
2026-07-07 08:28:00,568 INFO Sumber sukses: 8/8
2026-07-07 08:28:00,568 INFO Total forecast point: 37
2026-07-07 08:28:00,568 INFO CMA: OK (5/5 point) http=200 t=462ms 
2026-07-07 08:28:00,568 INFO ECMWF: OK (5/5 point) http=200 t=463ms 
2026-07-07 08:28:00,568 INFO GFS: OK (5/5 point) http=200 t=463ms 
2026-07-07 08:28:00,568 INFO ICON: OK (5/5 point) http=200 t=460ms 
2026-07-07 08:28:00,568 INFO KMA: OK (5/5 point) http=200 t=492ms 
2026-07-07 08:28:00,568 INFO METEOFRANCE: OK (5/5 point) http=200 t=439ms 
2026-07-07 08:28:00,568 INFO METNO: OK (2/5 point) http=200 t=600ms 
2026-07-07 08:28:00,568 INFO UKMO: OK (5/5 point) http=200 t=461ms 
