2026-07-12 23:30:33,007 INFO Log file: /home/runner/work/forecast-redelong/forecast-redelong/outputs/gpm3/logs/forecast_20260713_063033.log
2026-07-12 23:30:33,007 INFO Output dir: /home/runner/work/forecast-redelong/forecast-redelong/outputs/gpm3
2026-07-12 23:30:33,007 INFO Metadata lokasi: slug=gpm3 adm4=11.17.05.2002 bmkg_point=Bale Redelong area_level=catchment_point proxy_bmkg=True
2026-07-12 23:30:33,007 INFO Koordinat: lat=4.815409756944025 lon=97.009911990332 timezone=Asia/Jakarta
2026-07-12 23:30:33,007 INFO Catatan lokasi: Forecast Redelong representative point. BMKG ADM4 reference: 11.17.05.2002 (Bale Redelong). Initial BMKG reference for catchment point
2026-07-12 23:30:33,007 INFO Locations file: /home/runner/work/forecast-redelong/forecast-redelong/locations.json
2026-07-12 23:30:33,007 INFO Mulai proses untuk lokasi GPM3
2026-07-12 23:30:33,007 INFO Target date: 2026-07-14
2026-07-12 23:30:33,007 INFO Target hours: 06:00, 09:00, 12:00, 15:00, 18:00
2026-07-12 23:30:33,007 INFO Sumber aktif: BMKG, ECMWF, GFS, ICON, CMA, METEOFRANCE, KMA, UKMO, METNO
2026-07-12 23:30:33,007 INFO Bobot aktif: BMKG=1.35, CMA=0.85, ECMWF=1.2, GFS=1.0, ICON=1.05, KMA=0.9, METEOFRANCE=1.1, METNO=1.0, UKMO=0.95
2026-07-12 23:31:02,839 INFO Selesai.
2026-07-12 23:31:02,839 INFO Sumber sukses: 9/9
2026-07-12 23:31:02,839 INFO Total forecast point: 45
2026-07-12 23:31:02,839 INFO BMKG: OK (5/5 point) http=200 t=38ms 
2026-07-12 23:31:02,839 INFO CMA: OK (5/5 point) http=200 t=395ms 
2026-07-12 23:31:02,839 INFO ECMWF: OK (5/5 point) http=200 t=582ms 
2026-07-12 23:31:02,839 INFO GFS: OK (5/5 point) http=200 t=401ms 
2026-07-12 23:31:02,839 INFO ICON: OK (5/5 point) http=200 t=458ms 
2026-07-12 23:31:02,839 INFO KMA: OK (5/5 point) http=200 t=393ms 
2026-07-12 23:31:02,839 INFO METEOFRANCE: OK (5/5 point) http=200 t=396ms 
2026-07-12 23:31:02,839 INFO METNO: OK (5/5 point) http=200 t=492ms 
2026-07-12 23:31:02,839 INFO UKMO: OK (5/5 point) http=200 t=510ms 
