2026-07-10 10:42:19,797 INFO Log file: /home/runner/work/forecast-redelong/forecast-redelong/outputs/gpm3/logs/forecast_20260710_174219.log
2026-07-10 10:42:19,797 INFO Output dir: /home/runner/work/forecast-redelong/forecast-redelong/outputs/gpm3
2026-07-10 10:42:19,797 INFO Metadata lokasi: slug=gpm3 adm4=11.17.05.2002 bmkg_point=Bale Redelong area_level=catchment_point proxy_bmkg=True
2026-07-10 10:42:19,797 INFO Koordinat: lat=4.815409756944025 lon=97.009911990332 timezone=Asia/Jakarta
2026-07-10 10:42:19,797 INFO Catatan lokasi: Forecast Redelong representative point. BMKG ADM4 reference: 11.17.05.2002 (Bale Redelong). Initial BMKG reference for catchment point
2026-07-10 10:42:19,797 INFO Locations file: /home/runner/work/forecast-redelong/forecast-redelong/locations.json
2026-07-10 10:42:19,798 INFO Mulai proses untuk lokasi GPM3
2026-07-10 10:42:19,798 INFO Target date: 2026-07-10
2026-07-10 10:42:19,798 INFO Target hours: 06:00, 09:00, 12:00, 15:00, 18:00
2026-07-10 10:42:19,798 INFO Sumber aktif: BMKG, ECMWF, GFS, ICON, CMA, METEOFRANCE, KMA, UKMO, METNO
2026-07-10 10:42:19,798 INFO Bobot aktif: BMKG=1.35, CMA=0.85, ECMWF=1.2, GFS=1.0, ICON=1.05, KMA=0.9, METEOFRANCE=1.1, METNO=1.0, UKMO=0.95
2026-07-10 10:42:49,004 INFO Selesai.
2026-07-10 10:42:49,004 INFO Sumber sukses: 9/9
2026-07-10 10:42:49,004 INFO Total forecast point: 39
2026-07-10 10:42:49,004 INFO BMKG: OK (2/5 point) http=200 t=33ms 
2026-07-10 10:42:49,004 INFO CMA: OK (5/5 point) http=200 t=392ms 
2026-07-10 10:42:49,004 INFO ECMWF: OK (5/5 point) http=200 t=453ms 
2026-07-10 10:42:49,004 INFO GFS: OK (5/5 point) http=200 t=416ms 
2026-07-10 10:42:49,004 INFO ICON: OK (5/5 point) http=200 t=395ms 
2026-07-10 10:42:49,004 INFO KMA: OK (5/5 point) http=200 t=421ms 
2026-07-10 10:42:49,004 INFO METEOFRANCE: OK (5/5 point) http=200 t=393ms 
2026-07-10 10:42:49,004 INFO METNO: OK (2/5 point) http=200 t=533ms 
2026-07-10 10:42:49,004 INFO UKMO: OK (5/5 point) http=200 t=401ms 
