2026-07-13 23:37:20,753 INFO Log file: /home/runner/work/forecast-redelong/forecast-redelong/outputs/gpm6/logs/forecast_20260714_063720.log
2026-07-13 23:37:20,753 INFO Output dir: /home/runner/work/forecast-redelong/forecast-redelong/outputs/gpm6
2026-07-13 23:37:20,753 INFO Metadata lokasi: slug=gpm6 adm4=11.17.05.2002 bmkg_point=Bale Redelong area_level=catchment_point proxy_bmkg=True
2026-07-13 23:37:20,753 INFO Koordinat: lat=4.796061970712406 lon=97.0098682419131 timezone=Asia/Jakarta
2026-07-13 23:37:20,753 INFO Catatan lokasi: Forecast Redelong representative point. BMKG ADM4 reference: 11.17.05.2002 (Bale Redelong). Initial BMKG reference for catchment point
2026-07-13 23:37:20,753 INFO Locations file: /home/runner/work/forecast-redelong/forecast-redelong/locations.json
2026-07-13 23:37:20,753 INFO Mulai proses untuk lokasi GPM6
2026-07-13 23:37:20,753 INFO Target date: 2026-07-14
2026-07-13 23:37:20,753 INFO Target hours: 06:00, 09:00, 12:00, 15:00, 18:00
2026-07-13 23:37:20,753 INFO Sumber aktif: BMKG, ECMWF, GFS, ICON, CMA, METEOFRANCE, KMA, UKMO, METNO
2026-07-13 23:37:20,753 INFO Bobot aktif: BMKG=1.35, CMA=0.85, ECMWF=1.2, GFS=1.0, ICON=1.05, KMA=0.9, METEOFRANCE=1.1, METNO=1.0, UKMO=0.95
2026-07-13 23:37:52,991 INFO Selesai.
2026-07-13 23:37:52,991 INFO Sumber sukses: 9/9
2026-07-13 23:37:52,991 INFO Total forecast point: 45
2026-07-13 23:37:52,991 INFO BMKG: OK (5/5 point) http=200 t=53ms 
2026-07-13 23:37:52,991 INFO CMA: OK (5/5 point) http=200 t=858ms 
2026-07-13 23:37:52,991 INFO ECMWF: OK (5/5 point) http=200 t=605ms 
2026-07-13 23:37:52,991 INFO GFS: OK (5/5 point) http=200 t=636ms 
2026-07-13 23:37:52,991 INFO ICON: OK (5/5 point) http=200 t=623ms 
2026-07-13 23:37:52,992 INFO KMA: OK (5/5 point) http=200 t=634ms 
2026-07-13 23:37:52,992 INFO METEOFRANCE: OK (5/5 point) http=200 t=621ms 
2026-07-13 23:37:52,992 INFO METNO: OK (5/5 point) http=200 t=642ms 
2026-07-13 23:37:52,992 INFO UKMO: OK (5/5 point) http=200 t=632ms 
