2026-07-12 23:35:22,079 INFO Log file: /home/runner/work/forecast-redelong/forecast-redelong/outputs/gpm6/logs/forecast_20260713_063522.log
2026-07-12 23:35:22,079 INFO Output dir: /home/runner/work/forecast-redelong/forecast-redelong/outputs/gpm6
2026-07-12 23:35:22,079 INFO Metadata lokasi: slug=gpm6 adm4=11.17.05.2002 bmkg_point=Bale Redelong area_level=catchment_point proxy_bmkg=True
2026-07-12 23:35:22,079 INFO Koordinat: lat=4.796061970712406 lon=97.0098682419131 timezone=Asia/Jakarta
2026-07-12 23:35:22,079 INFO Catatan lokasi: Forecast Redelong representative point. BMKG ADM4 reference: 11.17.05.2002 (Bale Redelong). Initial BMKG reference for catchment point
2026-07-12 23:35:22,079 INFO Locations file: /home/runner/work/forecast-redelong/forecast-redelong/locations.json
2026-07-12 23:35:22,080 INFO Mulai proses untuk lokasi GPM6
2026-07-12 23:35:22,080 INFO Target date: 2026-07-15
2026-07-12 23:35:22,080 INFO Target hours: 06:00, 09:00, 12:00, 15:00, 18:00
2026-07-12 23:35:22,080 INFO Sumber aktif: BMKG, ECMWF, GFS, ICON, CMA, METEOFRANCE, KMA, UKMO, METNO
2026-07-12 23:35:22,080 INFO Bobot aktif: BMKG=1.35, CMA=0.85, ECMWF=1.2, GFS=1.0, ICON=1.05, KMA=0.9, METEOFRANCE=1.1, METNO=1.0, UKMO=0.95
2026-07-12 23:35:51,063 INFO Selesai.
2026-07-12 23:35:51,063 INFO Sumber sukses: 9/9
2026-07-12 23:35:51,063 INFO Total forecast point: 45
2026-07-12 23:35:51,063 INFO BMKG: OK (5/5 point) http=200 t=33ms 
2026-07-12 23:35:51,063 INFO CMA: OK (5/5 point) http=200 t=394ms 
2026-07-12 23:35:51,063 INFO ECMWF: OK (5/5 point) http=200 t=460ms 
2026-07-12 23:35:51,063 INFO GFS: OK (5/5 point) http=200 t=389ms 
2026-07-12 23:35:51,063 INFO ICON: OK (5/5 point) http=200 t=390ms 
2026-07-12 23:35:51,063 INFO KMA: OK (5/5 point) http=200 t=433ms 
2026-07-12 23:35:51,063 INFO METEOFRANCE: OK (5/5 point) http=200 t=395ms 
2026-07-12 23:35:51,063 INFO METNO: OK (5/5 point) http=200 t=488ms 
2026-07-12 23:35:51,063 INFO UKMO: OK (5/5 point) http=200 t=373ms 
