2026-07-13 10:54:58,932 INFO Log file: /home/runner/work/forecast-redelong/forecast-redelong/outputs/gpm6/logs/forecast_20260713_175458.log
2026-07-13 10:54:58,932 INFO Output dir: /home/runner/work/forecast-redelong/forecast-redelong/outputs/gpm6
2026-07-13 10:54:58,932 INFO Metadata lokasi: slug=gpm6 adm4=11.17.05.2002 bmkg_point=Bale Redelong area_level=catchment_point proxy_bmkg=True
2026-07-13 10:54:58,932 INFO Koordinat: lat=4.796061970712406 lon=97.0098682419131 timezone=Asia/Jakarta
2026-07-13 10:54:58,932 INFO Catatan lokasi: Forecast Redelong representative point. BMKG ADM4 reference: 11.17.05.2002 (Bale Redelong). Initial BMKG reference for catchment point
2026-07-13 10:54:58,932 INFO Locations file: /home/runner/work/forecast-redelong/forecast-redelong/locations.json
2026-07-13 10:54:58,932 INFO Mulai proses untuk lokasi GPM6
2026-07-13 10:54:58,932 INFO Target date: 2026-07-15
2026-07-13 10:54:58,932 INFO Target hours: 06:00, 09:00, 12:00, 15:00, 18:00
2026-07-13 10:54:58,932 INFO Sumber aktif: BMKG, ECMWF, GFS, ICON, CMA, METEOFRANCE, KMA, UKMO, METNO
2026-07-13 10:54:58,932 INFO Bobot aktif: BMKG=1.35, CMA=0.85, ECMWF=1.2, GFS=1.0, ICON=1.05, KMA=0.9, METEOFRANCE=1.1, METNO=1.0, UKMO=0.95
2026-07-13 10:55:30,100 INFO Selesai.
2026-07-13 10:55:30,101 INFO Sumber sukses: 9/9
2026-07-13 10:55:30,101 INFO Total forecast point: 45
2026-07-13 10:55:30,101 INFO BMKG: OK (5/5 point) http=200 t=39ms 
2026-07-13 10:55:30,101 INFO CMA: OK (5/5 point) http=200 t=525ms 
2026-07-13 10:55:30,101 INFO ECMWF: OK (5/5 point) http=200 t=507ms 
2026-07-13 10:55:30,101 INFO GFS: OK (5/5 point) http=200 t=520ms 
2026-07-13 10:55:30,101 INFO ICON: OK (5/5 point) http=200 t=521ms 
2026-07-13 10:55:30,101 INFO KMA: OK (5/5 point) http=200 t=591ms 
2026-07-13 10:55:30,101 INFO METEOFRANCE: OK (5/5 point) http=200 t=520ms 
2026-07-13 10:55:30,101 INFO METNO: OK (5/5 point) http=200 t=680ms 
2026-07-13 10:55:30,101 INFO UKMO: OK (5/5 point) http=200 t=540ms 
