2026-07-07 08:31:19,872 INFO Log file: /home/runner/work/forecast-redelong/forecast-redelong/outputs/gpm6/logs/forecast_20260707_153119.log
2026-07-07 08:31:19,872 INFO Output dir: /home/runner/work/forecast-redelong/forecast-redelong/outputs/gpm6
2026-07-07 08:31:19,872 INFO Metadata lokasi: slug=gpm6 adm4=11.17.00.0000 bmkg_point=GPM6 area_level=catchment_point proxy_bmkg=True
2026-07-07 08:31:19,872 INFO Koordinat: lat=4.796061970712406 lon=97.0098682419131 timezone=Asia/Jakarta
2026-07-07 08:31:19,872 INFO Catatan lokasi: PLTA Redelong catchment representative point. ADM4 placeholder only; BMKG source not active in this run.
2026-07-07 08:31:19,872 INFO Locations file: /home/runner/work/forecast-redelong/forecast-redelong/locations.json
2026-07-07 08:31:19,873 INFO Mulai proses untuk lokasi GPM6
2026-07-07 08:31:19,873 INFO Target date: 2026-07-09
2026-07-07 08:31:19,873 INFO Target hours: 06:00, 09:00, 12:00, 15:00, 18:00
2026-07-07 08:31:19,873 INFO Sumber aktif: ECMWF, GFS, ICON, CMA, METEOFRANCE, KMA, UKMO, METNO
2026-07-07 08:31:19,873 INFO Bobot aktif: BMKG=1.35, CMA=0.85, ECMWF=1.2, GFS=1.0, ICON=1.05, KMA=0.9, METEOFRANCE=1.1, METNO=1.0, UKMO=0.95
2026-07-07 08:31:39,466 INFO Selesai.
2026-07-07 08:31:39,466 INFO Sumber sukses: 8/8
2026-07-07 08:31:39,466 INFO Total forecast point: 40
2026-07-07 08:31:39,466 INFO CMA: OK (5/5 point) http=200 t=475ms 
2026-07-07 08:31:39,466 INFO ECMWF: OK (5/5 point) http=200 t=478ms 
2026-07-07 08:31:39,466 INFO GFS: OK (5/5 point) http=200 t=465ms 
2026-07-07 08:31:39,466 INFO ICON: OK (5/5 point) http=200 t=506ms 
2026-07-07 08:31:39,466 INFO KMA: OK (5/5 point) http=200 t=485ms 
2026-07-07 08:31:39,466 INFO METEOFRANCE: OK (5/5 point) http=200 t=473ms 
2026-07-07 08:31:39,466 INFO METNO: OK (5/5 point) http=200 t=358ms 
2026-07-07 08:31:39,466 INFO UKMO: OK (5/5 point) http=200 t=466ms 
