2026-07-08 08:07:34,729 INFO Log file: /home/runner/work/forecast-redelong/forecast-redelong/outputs/gpm6/logs/forecast_20260708_150734.log
2026-07-08 08:07:34,729 INFO Output dir: /home/runner/work/forecast-redelong/forecast-redelong/outputs/gpm6
2026-07-08 08:07:34,729 INFO Metadata lokasi: slug=gpm6 adm4=11.17.05.2002 bmkg_point=Bale Redelong area_level=catchment_point proxy_bmkg=True
2026-07-08 08:07:34,729 INFO Koordinat: lat=4.796061970712406 lon=97.0098682419131 timezone=Asia/Jakarta
2026-07-08 08:07:34,729 INFO Catatan lokasi: Forecast Redelong representative point. BMKG ADM4 reference: 11.17.05.2002 (Bale Redelong). Initial BMKG reference for catchment point
2026-07-08 08:07:34,729 INFO Locations file: /home/runner/work/forecast-redelong/forecast-redelong/locations.json
2026-07-08 08:07:34,729 INFO Mulai proses untuk lokasi GPM6
2026-07-08 08:07:34,729 INFO Target date: 2026-07-09
2026-07-08 08:07:34,729 INFO Target hours: 06:00, 09:00, 12:00, 15:00, 18:00
2026-07-08 08:07:34,729 INFO Sumber aktif: BMKG, ECMWF, GFS, ICON, CMA, METEOFRANCE, KMA, UKMO, METNO
2026-07-08 08:07:34,729 INFO Bobot aktif: BMKG=1.35, CMA=0.85, ECMWF=1.2, GFS=1.0, ICON=1.05, KMA=0.9, METEOFRANCE=1.1, METNO=1.0, UKMO=0.95
2026-07-08 08:08:05,997 INFO Selesai.
2026-07-08 08:08:05,997 INFO Sumber sukses: 9/9
2026-07-08 08:08:05,997 INFO Total forecast point: 45
2026-07-08 08:08:05,997 INFO BMKG: OK (5/5 point) http=200 t=62ms 
2026-07-08 08:08:05,997 INFO CMA: OK (5/5 point) http=200 t=502ms 
2026-07-08 08:08:05,997 INFO ECMWF: OK (5/5 point) http=200 t=517ms 
2026-07-08 08:08:05,997 INFO GFS: OK (5/5 point) http=200 t=490ms 
2026-07-08 08:08:05,997 INFO ICON: OK (5/5 point) http=200 t=500ms 
2026-07-08 08:08:05,997 INFO KMA: OK (5/5 point) http=200 t=470ms 
2026-07-08 08:08:05,997 INFO METEOFRANCE: OK (5/5 point) http=200 t=470ms 
2026-07-08 08:08:05,997 INFO METNO: OK (5/5 point) http=200 t=382ms 
2026-07-08 08:08:05,997 INFO UKMO: OK (5/5 point) http=200 t=502ms 
