2026-07-14 23:39:46,788 INFO Log file: /home/runner/work/forecast-redelong/forecast-redelong/outputs/gpm6/logs/forecast_20260715_063946.log
2026-07-14 23:39:46,788 INFO Output dir: /home/runner/work/forecast-redelong/forecast-redelong/outputs/gpm6
2026-07-14 23:39:46,788 INFO Metadata lokasi: slug=gpm6 adm4=11.17.05.2002 bmkg_point=Bale Redelong area_level=catchment_point proxy_bmkg=True
2026-07-14 23:39:46,788 INFO Koordinat: lat=4.796061970712406 lon=97.0098682419131 timezone=Asia/Jakarta
2026-07-14 23:39:46,788 INFO Catatan lokasi: Forecast Redelong representative point. BMKG ADM4 reference: 11.17.05.2002 (Bale Redelong). Initial BMKG reference for catchment point
2026-07-14 23:39:46,788 INFO Locations file: /home/runner/work/forecast-redelong/forecast-redelong/locations.json
2026-07-14 23:39:46,788 INFO Mulai proses untuk lokasi GPM6
2026-07-14 23:39:46,788 INFO Target date: 2026-07-16
2026-07-14 23:39:46,788 INFO Target hours: 06:00, 09:00, 12:00, 15:00, 18:00
2026-07-14 23:39:46,788 INFO Sumber aktif: BMKG, ECMWF, GFS, ICON, CMA, METEOFRANCE, KMA, UKMO, METNO
2026-07-14 23:39:46,788 INFO Bobot aktif: BMKG=1.35, CMA=0.85, ECMWF=1.2, GFS=1.0, ICON=1.05, KMA=0.9, METEOFRANCE=1.1, METNO=1.0, UKMO=0.95
2026-07-14 23:40:18,958 INFO Selesai.
2026-07-14 23:40:18,958 INFO Sumber sukses: 9/9
2026-07-14 23:40:18,958 INFO Total forecast point: 45
2026-07-14 23:40:18,958 INFO BMKG: OK (5/5 point) http=200 t=44ms 
2026-07-14 23:40:18,958 INFO CMA: OK (5/5 point) http=200 t=633ms 
2026-07-14 23:40:18,958 INFO ECMWF: OK (5/5 point) http=200 t=620ms 
2026-07-14 23:40:18,958 INFO GFS: OK (5/5 point) http=200 t=634ms 
2026-07-14 23:40:18,958 INFO ICON: OK (5/5 point) http=200 t=628ms 
2026-07-14 23:40:18,958 INFO KMA: OK (5/5 point) http=200 t=633ms 
2026-07-14 23:40:18,958 INFO METEOFRANCE: OK (5/5 point) http=200 t=630ms 
2026-07-14 23:40:18,958 INFO METNO: OK (5/5 point) http=200 t=847ms 
2026-07-14 23:40:18,958 INFO UKMO: OK (5/5 point) http=200 t=649ms 
