2026-07-07 08:32:18,930 INFO Log file: /home/runner/work/forecast-redelong/forecast-redelong/outputs/gpm_grid_tamatue/logs/forecast_20260707_153218.log
2026-07-07 08:32:18,930 INFO Output dir: /home/runner/work/forecast-redelong/forecast-redelong/outputs/gpm_grid_tamatue
2026-07-07 08:32:18,930 INFO Metadata lokasi: slug=gpm_grid_tamatue adm4=11.17.00.0000 bmkg_point=GPM Grid TamaTue area_level=catchment_point proxy_bmkg=True
2026-07-07 08:32:18,930 INFO Koordinat: lat=4.649902718619309 lon=96.85017949357464 timezone=Asia/Jakarta
2026-07-07 08:32:18,930 INFO Catatan lokasi: PLTA Redelong catchment representative point. ADM4 placeholder only; BMKG source not active in this run.
2026-07-07 08:32:18,930 INFO Locations file: /home/runner/work/forecast-redelong/forecast-redelong/locations.json
2026-07-07 08:32:18,931 INFO Mulai proses untuk lokasi GPM Grid TamaTue
2026-07-07 08:32:18,931 INFO Target date: 2026-07-09
2026-07-07 08:32:18,931 INFO Target hours: 06:00, 09:00, 12:00, 15:00, 18:00
2026-07-07 08:32:18,931 INFO Sumber aktif: ECMWF, GFS, ICON, CMA, METEOFRANCE, KMA, UKMO, METNO
2026-07-07 08:32:18,931 INFO Bobot aktif: BMKG=1.35, CMA=0.85, ECMWF=1.2, GFS=1.0, ICON=1.05, KMA=0.9, METEOFRANCE=1.1, METNO=1.0, UKMO=0.95
2026-07-07 08:32:38,618 INFO Selesai.
2026-07-07 08:32:38,618 INFO Sumber sukses: 8/8
2026-07-07 08:32:38,619 INFO Total forecast point: 40
2026-07-07 08:32:38,619 INFO CMA: OK (5/5 point) http=200 t=468ms 
2026-07-07 08:32:38,619 INFO ECMWF: OK (5/5 point) http=200 t=477ms 
2026-07-07 08:32:38,619 INFO GFS: OK (5/5 point) http=200 t=490ms 
2026-07-07 08:32:38,619 INFO ICON: OK (5/5 point) http=200 t=486ms 
2026-07-07 08:32:38,619 INFO KMA: OK (5/5 point) http=200 t=481ms 
2026-07-07 08:32:38,619 INFO METEOFRANCE: OK (5/5 point) http=200 t=547ms 
2026-07-07 08:32:38,619 INFO METNO: OK (5/5 point) http=200 t=439ms 
2026-07-07 08:32:38,619 INFO UKMO: OK (5/5 point) http=200 t=479ms 
