2026-07-19 07:49:53,500 INFO Log file: /home/runner/work/forecast-redelong/forecast-redelong/outputs/gpm_grid_tamatue/logs/forecast_20260719_144953.log
2026-07-19 07:49:53,500 INFO Output dir: /home/runner/work/forecast-redelong/forecast-redelong/outputs/gpm_grid_tamatue
2026-07-19 07:49:53,500 INFO Metadata lokasi: slug=gpm_grid_tamatue adm4=11.17.05.2002 bmkg_point=Bale Redelong area_level=external_comparison proxy_bmkg=True
2026-07-19 07:49:53,500 INFO Koordinat: lat=4.649902718619309 lon=96.85017949357464 timezone=Asia/Jakarta
2026-07-19 07:49:53,500 INFO Catatan lokasi: Forecast Redelong representative point. BMKG ADM4 reference: 11.17.05.2002 (Bale Redelong). Initial BMKG reference for catchment grid Spatial role: external_comparison. Grid terpisah dan terlalu jauh untuk langsung diasumsikan berkontribusi; hanya titik pembanding sampai konektivitas DAS dikonfirmasi.
2026-07-19 07:49:53,500 INFO Locations file: /home/runner/work/forecast-redelong/forecast-redelong/locations.json
2026-07-19 07:49:53,500 INFO Mulai proses untuk lokasi GPM Grid TamaTue
2026-07-19 07:49:53,500 INFO Target date: 2026-07-21
2026-07-19 07:49:53,500 INFO Target hours: 00:00, 01:00, 02:00, 03:00, 04:00, 05:00, 06:00, 07:00, 08:00, 09:00, 10:00, 11:00, 12:00, 13:00, 14:00, 15:00, 16:00, 17:00, 18:00, 19:00, 20:00, 21:00, 22:00, 23:00
2026-07-19 07:49:53,500 INFO Sumber aktif: BMKG, ECMWF, GFS, ICON, CMA, METEOFRANCE, UKMO
2026-07-19 07:49:53,500 INFO Bobot aktif: BMKG=1.35, CMA=1.0, ECMWF=1.0, GFS=1.0, ICON=1.0, KMA=0.9, METEOFRANCE=1.0, METNO=1.0, UKMO=1.0
2026-07-19 07:50:20,139 INFO Selesai.
2026-07-19 07:50:20,139 INFO Sumber sukses: 7/7
2026-07-19 07:50:20,139 INFO Total forecast point: 168
2026-07-19 07:50:20,139 INFO BMKG: OK (24/24 point) http=200 t=43ms 
2026-07-19 07:50:20,139 INFO CMA: OK (24/24 point) http=200 t=607ms 
2026-07-19 07:50:20,139 INFO ECMWF: OK (24/24 point) http=200 t=618ms 
2026-07-19 07:50:20,139 INFO GFS: OK (24/24 point) http=200 t=573ms 
2026-07-19 07:50:20,139 INFO ICON: OK (24/24 point) http=200 t=588ms 
2026-07-19 07:50:20,139 INFO METEOFRANCE: OK (24/24 point) http=200 t=586ms 
2026-07-19 07:50:20,139 INFO UKMO: OK (24/24 point) http=200 t=612ms 
