2026-07-22 01:34:34,558 INFO Log file: /home/runner/work/forecast-redelong/forecast-redelong/outputs/gpm_grid_tamatue/logs/forecast_20260722_083434.log
2026-07-22 01:34:34,558 INFO Output dir: /home/runner/work/forecast-redelong/forecast-redelong/outputs/gpm_grid_tamatue
2026-07-22 01:34:34,558 INFO Metadata lokasi: slug=gpm_grid_tamatue adm4=11.17.05.2002 bmkg_point=Bale Redelong area_level=external_comparison proxy_bmkg=True
2026-07-22 01:34:34,558 INFO Koordinat: lat=4.649902718619309 lon=96.85017949357464 timezone=Asia/Jakarta
2026-07-22 01:34:34,558 INFO Catatan lokasi: Forecast Redelong representative point. BMKG ADM4 reference: 11.17.05.2002 (Bale Redelong). Initial BMKG reference for catchment grid Spatial role: external_comparison. Grid terpisah dan terlalu jauh untuk langsung diasumsikan berkontribusi; hanya titik pembanding sampai konektivitas DAS dikonfirmasi.
2026-07-22 01:34:34,558 INFO Locations file: /home/runner/work/forecast-redelong/forecast-redelong/locations.json
2026-07-22 01:34:34,558 INFO Mulai proses untuk lokasi GPM Grid TamaTue
2026-07-22 01:34:34,558 INFO Target date: 2026-07-22
2026-07-22 01:34:34,558 INFO Target hours: 00:00, 01:00, 02:00, 03:00, 04:00, 05:00, 06:00, 07:00, 08:00, 09:00, 10:00, 11:00, 12:00, 13:00, 14:00, 15:00, 16:00, 17:00, 18:00, 19:00, 20:00, 21:00, 22:00, 23:00
2026-07-22 01:34:34,558 INFO Sumber aktif: BMKG, ECMWF, GFS, ICON, CMA, METEOFRANCE, UKMO
2026-07-22 01:34:34,558 INFO Bobot aktif: BMKG=1.35, CMA=1.0, ECMWF=1.0, GFS=1.0, ICON=1.0, KMA=0.9, METEOFRANCE=1.0, METNO=1.0, UKMO=1.0
2026-07-22 01:34:59,644 INFO Selesai.
2026-07-22 01:34:59,644 INFO Sumber sukses: 7/7
2026-07-22 01:34:59,644 INFO Total forecast point: 162
2026-07-22 01:34:59,644 INFO BMKG: OK (18/24 point) http=200 t=17ms 
2026-07-22 01:34:59,644 INFO CMA: OK (24/24 point) http=200 t=390ms 
2026-07-22 01:34:59,644 INFO ECMWF: OK (24/24 point) http=200 t=392ms 
2026-07-22 01:34:59,644 INFO GFS: OK (24/24 point) http=200 t=393ms 
2026-07-22 01:34:59,644 INFO ICON: OK (24/24 point) http=200 t=391ms 
2026-07-22 01:34:59,644 INFO METEOFRANCE: OK (24/24 point) http=200 t=411ms 
2026-07-22 01:34:59,644 INFO UKMO: OK (24/24 point) http=200 t=399ms 
