2026-07-11 07:38:34,861 INFO Log file: /home/runner/work/forecast-redelong/forecast-redelong/outputs/gpm_grid_tamatue/logs/forecast_20260711_143834.log
2026-07-11 07:38:34,861 INFO Output dir: /home/runner/work/forecast-redelong/forecast-redelong/outputs/gpm_grid_tamatue
2026-07-11 07:38:34,861 INFO Metadata lokasi: slug=gpm_grid_tamatue adm4=11.17.05.2002 bmkg_point=Bale Redelong area_level=catchment_point proxy_bmkg=True
2026-07-11 07:38:34,861 INFO Koordinat: lat=4.649902718619309 lon=96.85017949357464 timezone=Asia/Jakarta
2026-07-11 07:38:34,861 INFO Catatan lokasi: Forecast Redelong representative point. BMKG ADM4 reference: 11.17.05.2002 (Bale Redelong). Initial BMKG reference for catchment grid
2026-07-11 07:38:34,861 INFO Locations file: /home/runner/work/forecast-redelong/forecast-redelong/locations.json
2026-07-11 07:38:34,861 INFO Mulai proses untuk lokasi GPM Grid TamaTue
2026-07-11 07:38:34,861 INFO Target date: 2026-07-13
2026-07-11 07:38:34,861 INFO Target hours: 06:00, 09:00, 12:00, 15:00, 18:00
2026-07-11 07:38:34,861 INFO Sumber aktif: BMKG, ECMWF, GFS, ICON, CMA, METEOFRANCE, KMA, UKMO, METNO
2026-07-11 07:38:34,861 INFO Bobot aktif: BMKG=1.35, CMA=0.85, ECMWF=1.2, GFS=1.0, ICON=1.05, KMA=0.9, METEOFRANCE=1.1, METNO=1.0, UKMO=0.95
2026-07-11 07:39:30,523 INFO Selesai.
2026-07-11 07:39:30,523 INFO Sumber sukses: 9/9
2026-07-11 07:39:30,523 INFO Total forecast point: 45
2026-07-11 07:39:30,523 INFO BMKG: OK (5/5 point) http=200 t=22ms 
2026-07-11 07:39:30,523 INFO CMA: OK (5/5 point) http=200 t=639ms 
2026-07-11 07:39:30,523 INFO ECMWF: OK (5/5 point) http=200 t=648ms 
2026-07-11 07:39:30,523 INFO GFS: OK (5/5 point) http=200 t=636ms 
2026-07-11 07:39:30,523 INFO ICON: OK (5/5 point) http=200 t=629ms 
2026-07-11 07:39:30,523 INFO KMA: OK (5/5 point) http=200 t=643ms 
2026-07-11 07:39:30,523 INFO METEOFRANCE: OK (5/5 point) http=200 t=646ms 
2026-07-11 07:39:30,523 INFO METNO: OK (5/5 point) http=200 t=624ms 
2026-07-11 07:39:30,523 INFO UKMO: OK (5/5 point) http=200 t=640ms 
