2026-07-14 23:41:46,540 INFO Log file: /home/runner/work/forecast-redelong/forecast-redelong/outputs/gpm_grid_tamatue/logs/forecast_20260715_064146.log
2026-07-14 23:41:46,540 INFO Output dir: /home/runner/work/forecast-redelong/forecast-redelong/outputs/gpm_grid_tamatue
2026-07-14 23:41:46,540 INFO Metadata lokasi: slug=gpm_grid_tamatue adm4=11.17.05.2002 bmkg_point=Bale Redelong area_level=catchment_point proxy_bmkg=True
2026-07-14 23:41:46,541 INFO Koordinat: lat=4.649902718619309 lon=96.85017949357464 timezone=Asia/Jakarta
2026-07-14 23:41:46,541 INFO Catatan lokasi: Forecast Redelong representative point. BMKG ADM4 reference: 11.17.05.2002 (Bale Redelong). Initial BMKG reference for catchment grid
2026-07-14 23:41:46,541 INFO Locations file: /home/runner/work/forecast-redelong/forecast-redelong/locations.json
2026-07-14 23:41:46,541 INFO Mulai proses untuk lokasi GPM Grid TamaTue
2026-07-14 23:41:46,541 INFO Target date: 2026-07-16
2026-07-14 23:41:46,541 INFO Target hours: 06:00, 09:00, 12:00, 15:00, 18:00
2026-07-14 23:41:46,541 INFO Sumber aktif: BMKG, ECMWF, GFS, ICON, CMA, METEOFRANCE, KMA, UKMO, METNO
2026-07-14 23:41:46,541 INFO Bobot aktif: BMKG=1.35, CMA=0.85, ECMWF=1.2, GFS=1.0, ICON=1.05, KMA=0.9, METEOFRANCE=1.1, METNO=1.0, UKMO=0.95
2026-07-14 23:42:41,750 INFO Selesai.
2026-07-14 23:42:41,750 INFO Sumber sukses: 9/9
2026-07-14 23:42:41,750 INFO Total forecast point: 45
2026-07-14 23:42:41,750 INFO BMKG: OK (5/5 point) http=200 t=49ms 
2026-07-14 23:42:41,750 INFO CMA: OK (5/5 point) http=200 t=601ms 
2026-07-14 23:42:41,750 INFO ECMWF: OK (5/5 point) http=200 t=610ms 
2026-07-14 23:42:41,750 INFO GFS: OK (5/5 point) http=200 t=614ms 
2026-07-14 23:42:41,750 INFO ICON: OK (5/5 point) http=200 t=588ms 
2026-07-14 23:42:41,750 INFO KMA: OK (5/5 point) http=200 t=612ms 
2026-07-14 23:42:41,750 INFO METEOFRANCE: OK (5/5 point) http=200 t=613ms 
2026-07-14 23:42:41,750 INFO METNO: OK (5/5 point) http=200 t=593ms 
2026-07-14 23:42:41,750 INFO UKMO: OK (5/5 point) http=200 t=620ms 
