2026-07-09 23:35:08,357 INFO Log file: /home/runner/work/forecast-redelong/forecast-redelong/outputs/gpm_grid_tamatue/logs/forecast_20260710_063508.log
2026-07-09 23:35:08,357 INFO Output dir: /home/runner/work/forecast-redelong/forecast-redelong/outputs/gpm_grid_tamatue
2026-07-09 23:35:08,357 INFO Metadata lokasi: slug=gpm_grid_tamatue adm4=11.17.05.2002 bmkg_point=Bale Redelong area_level=catchment_point proxy_bmkg=True
2026-07-09 23:35:08,357 INFO Koordinat: lat=4.649902718619309 lon=96.85017949357464 timezone=Asia/Jakarta
2026-07-09 23:35:08,357 INFO Catatan lokasi: Forecast Redelong representative point. BMKG ADM4 reference: 11.17.05.2002 (Bale Redelong). Initial BMKG reference for catchment grid
2026-07-09 23:35:08,357 INFO Locations file: /home/runner/work/forecast-redelong/forecast-redelong/locations.json
2026-07-09 23:35:08,357 INFO Mulai proses untuk lokasi GPM Grid TamaTue
2026-07-09 23:35:08,357 INFO Target date: 2026-07-10
2026-07-09 23:35:08,357 INFO Target hours: 06:00, 09:00, 12:00, 15:00, 18:00
2026-07-09 23:35:08,357 INFO Sumber aktif: BMKG, ECMWF, GFS, ICON, CMA, METEOFRANCE, KMA, UKMO, METNO
2026-07-09 23:35:08,357 INFO Bobot aktif: BMKG=1.35, CMA=0.85, ECMWF=1.2, GFS=1.0, ICON=1.05, KMA=0.9, METEOFRANCE=1.1, METNO=1.0, UKMO=0.95
2026-07-09 23:35:15,136 INFO Selesai.
2026-07-09 23:35:15,136 INFO Sumber sukses: 9/9
2026-07-09 23:35:15,136 INFO Total forecast point: 45
2026-07-09 23:35:15,136 INFO BMKG: OK (5/5 point) http=200 t=30ms 
2026-07-09 23:35:15,136 INFO CMA: OK (5/5 point) http=200 t=397ms 
2026-07-09 23:35:15,136 INFO ECMWF: OK (5/5 point) http=200 t=392ms 
2026-07-09 23:35:15,136 INFO GFS: OK (5/5 point) http=200 t=395ms 
2026-07-09 23:35:15,136 INFO ICON: OK (5/5 point) http=200 t=398ms 
2026-07-09 23:35:15,136 INFO KMA: OK (5/5 point) http=200 t=397ms 
2026-07-09 23:35:15,136 INFO METEOFRANCE: OK (5/5 point) http=200 t=392ms 
2026-07-09 23:35:15,136 INFO METNO: OK (5/5 point) http=200 t=521ms 
2026-07-09 23:35:15,136 INFO UKMO: OK (5/5 point) http=200 t=398ms 
