2026-07-13 10:52:32,018 INFO Log file: /home/runner/work/forecast-redelong/forecast-redelong/outputs/gpm5/logs/forecast_20260713_175232.log
2026-07-13 10:52:32,018 INFO Output dir: /home/runner/work/forecast-redelong/forecast-redelong/outputs/gpm5
2026-07-13 10:52:32,018 INFO Metadata lokasi: slug=gpm5 adm4=11.17.05.2002 bmkg_point=Bale Redelong area_level=catchment_point proxy_bmkg=True
2026-07-13 10:52:32,018 INFO Koordinat: lat=4.767312077178135 lon=96.94566692384144 timezone=Asia/Jakarta
2026-07-13 10:52:32,018 INFO Catatan lokasi: Forecast Redelong representative point. BMKG ADM4 reference: 11.17.05.2002 (Bale Redelong). Initial BMKG reference for catchment point
2026-07-13 10:52:32,018 INFO Locations file: /home/runner/work/forecast-redelong/forecast-redelong/locations.json
2026-07-13 10:52:32,018 INFO Mulai proses untuk lokasi GPM5
2026-07-13 10:52:32,018 INFO Target date: 2026-07-14
2026-07-13 10:52:32,018 INFO Target hours: 06:00, 09:00, 12:00, 15:00, 18:00
2026-07-13 10:52:32,018 INFO Sumber aktif: BMKG, ECMWF, GFS, ICON, CMA, METEOFRANCE, KMA, UKMO, METNO
2026-07-13 10:52:32,018 INFO Bobot aktif: BMKG=1.35, CMA=0.85, ECMWF=1.2, GFS=1.0, ICON=1.05, KMA=0.9, METEOFRANCE=1.1, METNO=1.0, UKMO=0.95
2026-07-13 10:53:02,660 INFO Selesai.
2026-07-13 10:53:02,660 INFO Sumber sukses: 9/9
2026-07-13 10:53:02,660 INFO Total forecast point: 45
2026-07-13 10:53:02,660 INFO BMKG: OK (5/5 point) http=200 t=57ms 
2026-07-13 10:53:02,660 INFO CMA: OK (5/5 point) http=200 t=546ms 
2026-07-13 10:53:02,660 INFO ECMWF: OK (5/5 point) http=200 t=540ms 
2026-07-13 10:53:02,660 INFO GFS: OK (5/5 point) http=200 t=501ms 
2026-07-13 10:53:02,660 INFO ICON: OK (5/5 point) http=200 t=541ms 
2026-07-13 10:53:02,660 INFO KMA: OK (5/5 point) http=200 t=514ms 
2026-07-13 10:53:02,660 INFO METEOFRANCE: OK (5/5 point) http=200 t=515ms 
2026-07-13 10:53:02,661 INFO METNO: OK (5/5 point) http=200 t=511ms 
2026-07-13 10:53:02,661 INFO UKMO: OK (5/5 point) http=200 t=513ms 
