2026-07-13 23:35:21,600 INFO Log file: /home/runner/work/forecast-redelong/forecast-redelong/outputs/gpm5/logs/forecast_20260714_063521.log
2026-07-13 23:35:21,601 INFO Output dir: /home/runner/work/forecast-redelong/forecast-redelong/outputs/gpm5
2026-07-13 23:35:21,601 INFO Metadata lokasi: slug=gpm5 adm4=11.17.05.2002 bmkg_point=Bale Redelong area_level=catchment_point proxy_bmkg=True
2026-07-13 23:35:21,601 INFO Koordinat: lat=4.767312077178135 lon=96.94566692384144 timezone=Asia/Jakarta
2026-07-13 23:35:21,601 INFO Catatan lokasi: Forecast Redelong representative point. BMKG ADM4 reference: 11.17.05.2002 (Bale Redelong). Initial BMKG reference for catchment point
2026-07-13 23:35:21,601 INFO Locations file: /home/runner/work/forecast-redelong/forecast-redelong/locations.json
2026-07-13 23:35:21,601 INFO Mulai proses untuk lokasi GPM5
2026-07-13 23:35:21,601 INFO Target date: 2026-07-14
2026-07-13 23:35:21,601 INFO Target hours: 06:00, 09:00, 12:00, 15:00, 18:00
2026-07-13 23:35:21,601 INFO Sumber aktif: BMKG, ECMWF, GFS, ICON, CMA, METEOFRANCE, KMA, UKMO, METNO
2026-07-13 23:35:21,601 INFO Bobot aktif: BMKG=1.35, CMA=0.85, ECMWF=1.2, GFS=1.0, ICON=1.05, KMA=0.9, METEOFRANCE=1.1, METNO=1.0, UKMO=0.95
2026-07-13 23:35:54,488 INFO Selesai.
2026-07-13 23:35:54,488 INFO Sumber sukses: 9/9
2026-07-13 23:35:54,488 INFO Total forecast point: 45
2026-07-13 23:35:54,488 INFO BMKG: OK (5/5 point) http=200 t=53ms 
2026-07-13 23:35:54,488 INFO CMA: OK (5/5 point) http=200 t=802ms 
2026-07-13 23:35:54,488 INFO ECMWF: OK (5/5 point) http=200 t=694ms 
2026-07-13 23:35:54,488 INFO GFS: OK (5/5 point) http=200 t=614ms 
2026-07-13 23:35:54,488 INFO ICON: OK (5/5 point) http=200 t=604ms 
2026-07-13 23:35:54,488 INFO KMA: OK (5/5 point) http=200 t=600ms 
2026-07-13 23:35:54,488 INFO METEOFRANCE: OK (5/5 point) http=200 t=615ms 
2026-07-13 23:35:54,488 INFO METNO: OK (5/5 point) http=200 t=608ms 
2026-07-13 23:35:54,488 INFO UKMO: OK (5/5 point) http=200 t=601ms 
