2026-07-08 02:37:32,836 INFO Log file: /home/runner/work/forecast-redelong/forecast-redelong/outputs/gpm5/logs/forecast_20260708_093732.log
2026-07-08 02:37:32,836 INFO Output dir: /home/runner/work/forecast-redelong/forecast-redelong/outputs/gpm5
2026-07-08 02:37:32,836 INFO Metadata lokasi: slug=gpm5 adm4=11.17.05.2002 bmkg_point=Bale Redelong area_level=catchment_point proxy_bmkg=True
2026-07-08 02:37:32,837 INFO Koordinat: lat=4.767312077178135 lon=96.94566692384144 timezone=Asia/Jakarta
2026-07-08 02:37:32,837 INFO Catatan lokasi: Forecast Redelong representative point. BMKG ADM4 reference: 11.17.05.2002 (Bale Redelong). Initial BMKG reference for catchment point
2026-07-08 02:37:32,837 INFO Locations file: /home/runner/work/forecast-redelong/forecast-redelong/locations.json
2026-07-08 02:37:32,837 INFO Mulai proses untuk lokasi GPM5
2026-07-08 02:37:32,837 INFO Target date: 2026-07-08
2026-07-08 02:37:32,837 INFO Target hours: 06:00, 09:00, 12:00, 15:00, 18:00
2026-07-08 02:37:32,837 INFO Sumber aktif: BMKG, ECMWF, GFS, ICON, CMA, METEOFRANCE, KMA, UKMO, METNO
2026-07-08 02:37:32,837 INFO Bobot aktif: BMKG=1.35, CMA=0.85, ECMWF=1.2, GFS=1.0, ICON=1.05, KMA=0.9, METEOFRANCE=1.1, METNO=1.0, UKMO=0.95
2026-07-08 02:38:27,351 INFO Selesai.
2026-07-08 02:38:27,351 INFO Sumber sukses: 9/9
2026-07-08 02:38:27,351 INFO Total forecast point: 44
2026-07-08 02:38:27,351 INFO BMKG: OK (5/5 point) http=200 t=21ms 
2026-07-08 02:38:27,351 INFO CMA: OK (5/5 point) http=200 t=606ms 
2026-07-08 02:38:27,351 INFO ECMWF: OK (5/5 point) http=200 t=646ms 
2026-07-08 02:38:27,351 INFO GFS: OK (5/5 point) http=200 t=611ms 
2026-07-08 02:38:27,351 INFO ICON: OK (5/5 point) http=200 t=633ms 
2026-07-08 02:38:27,351 INFO KMA: OK (5/5 point) http=200 t=605ms 
2026-07-08 02:38:27,351 INFO METEOFRANCE: OK (5/5 point) http=200 t=609ms 
2026-07-08 02:38:27,351 INFO METNO: OK (4/5 point) http=200 t=665ms 
2026-07-08 02:38:27,351 INFO UKMO: OK (5/5 point) http=200 t=641ms 
