2026-07-14 07:31:33,088 INFO Log file: /home/runner/work/forecast-redelong/forecast-redelong/outputs/gpm5/logs/forecast_20260714_143133.log
2026-07-14 07:31:33,088 INFO Output dir: /home/runner/work/forecast-redelong/forecast-redelong/outputs/gpm5
2026-07-14 07:31:33,088 INFO Metadata lokasi: slug=gpm5 adm4=11.17.05.2002 bmkg_point=Bale Redelong area_level=catchment_point proxy_bmkg=True
2026-07-14 07:31:33,088 INFO Koordinat: lat=4.767312077178135 lon=96.94566692384144 timezone=Asia/Jakarta
2026-07-14 07:31:33,088 INFO Catatan lokasi: Forecast Redelong representative point. BMKG ADM4 reference: 11.17.05.2002 (Bale Redelong). Initial BMKG reference for catchment point
2026-07-14 07:31:33,088 INFO Locations file: /home/runner/work/forecast-redelong/forecast-redelong/locations.json
2026-07-14 07:31:33,088 INFO Mulai proses untuk lokasi GPM5
2026-07-14 07:31:33,088 INFO Target date: 2026-07-14
2026-07-14 07:31:33,088 INFO Target hours: 06:00, 09:00, 12:00, 15:00, 18:00
2026-07-14 07:31:33,088 INFO Sumber aktif: BMKG, ECMWF, GFS, ICON, CMA, METEOFRANCE, KMA, UKMO, METNO
2026-07-14 07:31:33,088 INFO Bobot aktif: BMKG=1.35, CMA=0.85, ECMWF=1.2, GFS=1.0, ICON=1.05, KMA=0.9, METEOFRANCE=1.1, METNO=1.0, UKMO=0.95
2026-07-14 07:32:03,781 INFO Selesai.
2026-07-14 07:32:03,781 INFO Sumber sukses: 9/9
2026-07-14 07:32:03,781 INFO Total forecast point: 41
2026-07-14 07:32:03,781 INFO BMKG: OK (3/5 point) http=200 t=35ms 
2026-07-14 07:32:03,781 INFO CMA: OK (5/5 point) http=200 t=515ms 
2026-07-14 07:32:03,781 INFO ECMWF: OK (5/5 point) http=200 t=519ms 
2026-07-14 07:32:03,781 INFO GFS: OK (5/5 point) http=200 t=487ms 
2026-07-14 07:32:03,781 INFO ICON: OK (5/5 point) http=200 t=541ms 
2026-07-14 07:32:03,781 INFO KMA: OK (5/5 point) http=200 t=528ms 
2026-07-14 07:32:03,781 INFO METEOFRANCE: OK (5/5 point) http=200 t=523ms 
2026-07-14 07:32:03,781 INFO METNO: OK (3/5 point) http=200 t=556ms 
2026-07-14 07:32:03,781 INFO UKMO: OK (5/5 point) http=200 t=515ms 
