2026-07-21 06:47:27,180 INFO Log file: /home/runner/work/forecast-redelong/forecast-redelong/outputs/gpm5/logs/forecast_20260721_134727.log
2026-07-21 06:47:27,180 INFO Output dir: /home/runner/work/forecast-redelong/forecast-redelong/outputs/gpm5
2026-07-21 06:47:27,180 INFO Metadata lokasi: slug=gpm5 adm4=11.17.05.2002 bmkg_point=Bale Redelong area_level=provisional_catchment proxy_bmkg=True
2026-07-21 06:47:27,181 INFO Koordinat: lat=4.767312077178135 lon=96.94566692384144 timezone=Asia/Jakarta
2026-07-21 06:47:27,181 INFO Catatan lokasi: Forecast Redelong representative point. BMKG ADM4 reference: 11.17.05.2002 (Bale Redelong). Initial BMKG reference for catchment point Spatial role: provisional_catchment. Area analisis provisional; menunggu konfirmasi batas DAS resmi.
2026-07-21 06:47:27,181 INFO Locations file: /home/runner/work/forecast-redelong/forecast-redelong/locations.json
2026-07-21 06:47:27,181 INFO Mulai proses untuk lokasi GPM5
2026-07-21 06:47:27,181 INFO Target date: 2026-07-24
2026-07-21 06:47:27,181 INFO Target hours: 00:00, 01:00, 02:00, 03:00, 04:00, 05:00, 06:00, 07:00, 08:00, 09:00, 10:00, 11:00, 12:00, 13:00, 14:00, 15:00, 16:00, 17:00, 18:00, 19:00, 20:00, 21:00, 22:00, 23:00
2026-07-21 06:47:27,181 INFO Sumber aktif: BMKG, ECMWF, GFS, ICON, CMA, METEOFRANCE, UKMO
2026-07-21 06:47:27,181 INFO Bobot aktif: BMKG=1.35, CMA=1.0, ECMWF=1.0, GFS=1.0, ICON=1.0, KMA=0.9, METEOFRANCE=1.0, METNO=1.0, UKMO=1.0
2026-07-21 06:47:27,226 INFO BMKG gagal (host=api.bmkg.go.id): BMKG tidak mengembalikan kandidat untuk target date
2026-07-21 06:47:54,025 INFO Selesai.
2026-07-21 06:47:54,025 INFO Sumber sukses: 6/7
2026-07-21 06:47:54,026 INFO Total forecast point: 144
2026-07-21 06:47:54,026 INFO BMKG: FAIL (0/24 point) t=44ms BMKG tidak mengembalikan kandidat untuk target date
2026-07-21 06:47:54,026 INFO CMA: OK (24/24 point) http=200 t=636ms 
2026-07-21 06:47:54,026 INFO ECMWF: OK (24/24 point) http=200 t=635ms 
2026-07-21 06:47:54,026 INFO GFS: OK (24/24 point) http=200 t=1673ms 
2026-07-21 06:47:54,026 INFO ICON: OK (24/24 point) http=200 t=671ms 
2026-07-21 06:47:54,026 INFO METEOFRANCE: OK (24/24 point) http=200 t=662ms 
2026-07-21 06:47:54,026 INFO UKMO: OK (24/24 point) http=200 t=674ms 
