2026-07-24 08:06:45,210 INFO Log file: /home/runner/work/forecast-redelong/forecast-redelong/outputs/pltm_besai_kemu/logs/forecast_20260724_150645.log
2026-07-24 08:06:45,210 INFO Output dir: /home/runner/work/forecast-redelong/forecast-redelong/outputs/pltm_besai_kemu
2026-07-24 08:06:45,210 INFO Metadata lokasi: slug=pltm_besai_kemu adm4=18.08.03.2017 bmkg_point=Kemu area_level=independent_site_reference proxy_bmkg=True
2026-07-24 08:06:45,210 INFO Koordinat: lat=-4.862591667 lon=104.500497222 timezone=Asia/Jakarta
2026-07-24 08:06:45,210 INFO Catatan lokasi: PLTM Besai Kemu forecast reference. BMKG ADM4 reference: 18.08.03.2017. Coordinate status: engineering_document_reference_operational_asset_confirmed.
2026-07-24 08:06:45,210 INFO Locations file: /home/runner/work/forecast-redelong/forecast-redelong/locations.json
2026-07-24 08:06:45,210 INFO Mulai proses untuk lokasi PLTM Besai Kemu
2026-07-24 08:06:45,210 INFO Target date: 2026-07-24
2026-07-24 08:06:45,210 INFO Target hours: 00:00, 01:00, 02:00, 03:00, 04:00, 05:00, 06:00, 07:00, 08:00, 09:00, 10:00, 11:00, 12:00, 13:00, 14:00, 15:00, 16:00, 17:00, 18:00, 19:00, 20:00, 21:00, 22:00, 23:00
2026-07-24 08:06:45,210 INFO Sumber aktif: BMKG, ECMWF, GFS, ICON, CMA, METEOFRANCE, UKMO
2026-07-24 08:06:45,210 INFO Bobot aktif: BMKG=1.35, CMA=1.0, ECMWF=1.0, GFS=1.0, ICON=1.0, KMA=0.9, METEOFRANCE=1.0, METNO=1.0, UKMO=1.0
2026-07-24 08:06:49,262 INFO Selesai.
2026-07-24 08:06:49,262 INFO Sumber sukses: 7/7
2026-07-24 08:06:49,262 INFO Total forecast point: 155
2026-07-24 08:06:49,262 INFO BMKG: OK (11/24 point) http=200 t=721ms 
2026-07-24 08:06:49,262 INFO CMA: OK (24/24 point) http=200 t=648ms 
2026-07-24 08:06:49,262 INFO ECMWF: OK (24/24 point) http=200 t=659ms 
2026-07-24 08:06:49,262 INFO GFS: OK (24/24 point) http=200 t=641ms 
2026-07-24 08:06:49,262 INFO ICON: OK (24/24 point) http=200 t=638ms 
2026-07-24 08:06:49,262 INFO METEOFRANCE: OK (24/24 point) http=200 t=649ms 
2026-07-24 08:06:49,262 INFO UKMO: OK (24/24 point) http=200 t=648ms 
