2026-07-11 23:30:16,769 INFO Log file: /home/runner/work/forecast-redelong/forecast-redelong/outputs/gpm2/logs/forecast_20260712_063016.log
2026-07-11 23:30:16,770 INFO Output dir: /home/runner/work/forecast-redelong/forecast-redelong/outputs/gpm2
2026-07-11 23:30:16,770 INFO Metadata lokasi: slug=gpm2 adm4=11.17.05.2002 bmkg_point=Bale Redelong area_level=catchment_point proxy_bmkg=True
2026-07-11 23:30:16,770 INFO Koordinat: lat=4.811672965065149 lon=96.9505347134354 timezone=Asia/Jakarta
2026-07-11 23:30:16,770 INFO Catatan lokasi: Forecast Redelong representative point. BMKG ADM4 reference: 11.17.05.2002 (Bale Redelong). Initial BMKG reference for catchment point
2026-07-11 23:30:16,770 INFO Locations file: /home/runner/work/forecast-redelong/forecast-redelong/locations.json
2026-07-11 23:30:16,770 INFO Mulai proses untuk lokasi GPM2
2026-07-11 23:30:16,770 INFO Target date: 2026-07-13
2026-07-11 23:30:16,770 INFO Target hours: 06:00, 09:00, 12:00, 15:00, 18:00
2026-07-11 23:30:16,770 INFO Sumber aktif: BMKG, ECMWF, GFS, ICON, CMA, METEOFRANCE, KMA, UKMO, METNO
2026-07-11 23:30:16,770 INFO Bobot aktif: BMKG=1.35, CMA=0.85, ECMWF=1.2, GFS=1.0, ICON=1.05, KMA=0.9, METEOFRANCE=1.1, METNO=1.0, UKMO=0.95
2026-07-11 23:30:46,270 INFO Selesai.
2026-07-11 23:30:46,270 INFO Sumber sukses: 9/9
2026-07-11 23:30:46,270 INFO Total forecast point: 45
2026-07-11 23:30:46,270 INFO BMKG: OK (5/5 point) http=200 t=22ms 
2026-07-11 23:30:46,270 INFO CMA: OK (5/5 point) http=200 t=393ms 
2026-07-11 23:30:46,270 INFO ECMWF: OK (5/5 point) http=200 t=396ms 
2026-07-11 23:30:46,270 INFO GFS: OK (5/5 point) http=200 t=396ms 
2026-07-11 23:30:46,270 INFO ICON: OK (5/5 point) http=200 t=396ms 
2026-07-11 23:30:46,270 INFO KMA: OK (5/5 point) http=200 t=392ms 
2026-07-11 23:30:46,270 INFO METEOFRANCE: OK (5/5 point) http=200 t=405ms 
2026-07-11 23:30:46,270 INFO METNO: OK (5/5 point) http=200 t=559ms 
2026-07-11 23:30:46,270 INFO UKMO: OK (5/5 point) http=200 t=406ms 
