2026-07-08 07:59:49,409 INFO Log file: /home/runner/work/forecast-redelong/forecast-redelong/outputs/gpm2/logs/forecast_20260708_145949.log
2026-07-08 07:59:49,409 INFO Output dir: /home/runner/work/forecast-redelong/forecast-redelong/outputs/gpm2
2026-07-08 07:59:49,409 INFO Metadata lokasi: slug=gpm2 adm4=11.17.05.2002 bmkg_point=Bale Redelong area_level=catchment_point proxy_bmkg=True
2026-07-08 07:59:49,409 INFO Koordinat: lat=4.811672965065149 lon=96.9505347134354 timezone=Asia/Jakarta
2026-07-08 07:59:49,409 INFO Catatan lokasi: Forecast Redelong representative point. BMKG ADM4 reference: 11.17.05.2002 (Bale Redelong). Initial BMKG reference for catchment point
2026-07-08 07:59:49,409 INFO Locations file: /home/runner/work/forecast-redelong/forecast-redelong/locations.json
2026-07-08 07:59:49,409 INFO Mulai proses untuk lokasi GPM2
2026-07-08 07:59:49,409 INFO Target date: 2026-07-09
2026-07-08 07:59:49,409 INFO Target hours: 06:00, 09:00, 12:00, 15:00, 18:00
2026-07-08 07:59:49,409 INFO Sumber aktif: BMKG, ECMWF, GFS, ICON, CMA, METEOFRANCE, KMA, UKMO, METNO
2026-07-08 07:59:49,409 INFO Bobot aktif: BMKG=1.35, CMA=0.85, ECMWF=1.2, GFS=1.0, ICON=1.05, KMA=0.9, METEOFRANCE=1.1, METNO=1.0, UKMO=0.95
2026-07-08 08:00:22,795 INFO Selesai.
2026-07-08 08:00:22,795 INFO Sumber sukses: 9/9
2026-07-08 08:00:22,795 INFO Total forecast point: 45
2026-07-08 08:00:22,795 INFO BMKG: OK (5/5 point) http=200 t=60ms 
2026-07-08 08:00:22,795 INFO CMA: OK (5/5 point) http=200 t=701ms 
2026-07-08 08:00:22,795 INFO ECMWF: OK (5/5 point) http=200 t=603ms 
2026-07-08 08:00:22,795 INFO GFS: OK (5/5 point) http=200 t=624ms 
2026-07-08 08:00:22,795 INFO ICON: OK (5/5 point) http=200 t=572ms 
2026-07-08 08:00:22,795 INFO KMA: OK (5/5 point) http=200 t=690ms 
2026-07-08 08:00:22,795 INFO METEOFRANCE: OK (5/5 point) http=200 t=632ms 
2026-07-08 08:00:22,795 INFO METNO: OK (5/5 point) http=200 t=633ms 
2026-07-08 08:00:22,795 INFO UKMO: OK (5/5 point) http=200 t=699ms 
