2026-07-21 06:43:04,960 INFO Log file: /home/runner/work/forecast-redelong/forecast-redelong/outputs/gpm2/logs/forecast_20260721_134304.log
2026-07-21 06:43:04,960 INFO Output dir: /home/runner/work/forecast-redelong/forecast-redelong/outputs/gpm2
2026-07-21 06:43:04,960 INFO Metadata lokasi: slug=gpm2 adm4=11.17.05.2002 bmkg_point=Bale Redelong area_level=provisional_catchment proxy_bmkg=True
2026-07-21 06:43:04,960 INFO Koordinat: lat=4.811672965065149 lon=96.9505347134354 timezone=Asia/Jakarta
2026-07-21 06:43:04,960 INFO Catatan lokasi: Forecast Redelong representative point. BMKG ADM4 reference: 11.17.05.2002 (Bale Redelong). Initial BMKG reference for catchment point Spatial role: provisional_catchment. Area analisis provisional; menunggu konfirmasi batas DAS resmi.
2026-07-21 06:43:04,960 INFO Locations file: /home/runner/work/forecast-redelong/forecast-redelong/locations.json
2026-07-21 06:43:04,960 INFO Mulai proses untuk lokasi GPM2
2026-07-21 06:43:04,960 INFO Target date: 2026-07-21
2026-07-21 06:43:04,960 INFO Target hours: 00:00, 01:00, 02:00, 03:00, 04:00, 05:00, 06:00, 07:00, 08:00, 09:00, 10:00, 11:00, 12:00, 13:00, 14:00, 15:00, 16:00, 17:00, 18:00, 19:00, 20:00, 21:00, 22:00, 23:00
2026-07-21 06:43:04,961 INFO Sumber aktif: BMKG, ECMWF, GFS, ICON, CMA, METEOFRANCE, UKMO
2026-07-21 06:43:04,961 INFO Bobot aktif: BMKG=1.35, CMA=1.0, ECMWF=1.0, GFS=1.0, ICON=1.0, KMA=0.9, METEOFRANCE=1.0, METNO=1.0, UKMO=1.0
2026-07-21 06:43:31,957 INFO Selesai.
2026-07-21 06:43:31,957 INFO Sumber sukses: 7/7
2026-07-21 06:43:31,957 INFO Total forecast point: 157
2026-07-21 06:43:31,957 INFO BMKG: OK (13/24 point) http=200 t=39ms 
2026-07-21 06:43:31,957 INFO CMA: OK (24/24 point) http=200 t=661ms 
2026-07-21 06:43:31,957 INFO ECMWF: OK (24/24 point) http=200 t=638ms 
2026-07-21 06:43:31,957 INFO GFS: OK (24/24 point) http=200 t=644ms 
2026-07-21 06:43:31,957 INFO ICON: OK (24/24 point) http=200 t=665ms 
2026-07-21 06:43:31,957 INFO METEOFRANCE: OK (24/24 point) http=200 t=667ms 
2026-07-21 06:43:31,957 INFO UKMO: OK (24/24 point) http=200 t=637ms 
