2026-07-22 08:00:35,107 INFO Log file: /home/runner/work/forecast-redelong/forecast-redelong/outputs/gpm2/logs/forecast_20260722_150035.log
2026-07-22 08:00:35,107 INFO Output dir: /home/runner/work/forecast-redelong/forecast-redelong/outputs/gpm2
2026-07-22 08:00:35,107 INFO Metadata lokasi: slug=gpm2 adm4=11.17.05.2002 bmkg_point=Bale Redelong area_level=provisional_catchment proxy_bmkg=True
2026-07-22 08:00:35,107 INFO Koordinat: lat=4.811672965065149 lon=96.9505347134354 timezone=Asia/Jakarta
2026-07-22 08:00:35,107 INFO Catatan lokasi: Forecast Redelong representative point. BMKG ADM4 reference: 11.17.05.2002 (Bale Redelong). Initial BMKG reference for catchment point Spatial role: provisional_catchment. Area analisis provisional; menunggu konfirmasi batas DAS resmi.
2026-07-22 08:00:35,107 INFO Locations file: /home/runner/work/forecast-redelong/forecast-redelong/locations.json
2026-07-22 08:00:35,108 INFO Mulai proses untuk lokasi GPM2
2026-07-22 08:00:35,108 INFO Target date: 2026-07-24
2026-07-22 08:00:35,108 INFO Target hours: 00:00, 01:00, 02:00, 03:00, 04:00, 05:00, 06:00, 07:00, 08:00, 09:00, 10:00, 11:00, 12:00, 13:00, 14:00, 15:00, 16:00, 17:00, 18:00, 19:00, 20:00, 21:00, 22:00, 23:00
2026-07-22 08:00:35,108 INFO Sumber aktif: BMKG, ECMWF, GFS, ICON, CMA, METEOFRANCE, UKMO
2026-07-22 08:00:35,108 INFO Bobot aktif: BMKG=1.35, CMA=1.0, ECMWF=1.0, GFS=1.0, ICON=1.0, KMA=0.9, METEOFRANCE=1.0, METNO=1.0, UKMO=1.0
2026-07-22 08:00:37,787 INFO Selesai.
2026-07-22 08:00:37,787 INFO Sumber sukses: 7/7
2026-07-22 08:00:37,787 INFO Total forecast point: 168
2026-07-22 08:00:37,787 INFO BMKG: OK (24/24 point) http=200 t=22ms 
2026-07-22 08:00:37,787 INFO CMA: OK (24/24 point) http=200 t=402ms 
2026-07-22 08:00:37,787 INFO ECMWF: OK (24/24 point) http=200 t=439ms 
2026-07-22 08:00:37,787 INFO GFS: OK (24/24 point) http=200 t=400ms 
2026-07-22 08:00:37,787 INFO ICON: OK (24/24 point) http=200 t=392ms 
2026-07-22 08:00:37,787 INFO METEOFRANCE: OK (24/24 point) http=200 t=397ms 
2026-07-22 08:00:37,787 INFO UKMO: OK (24/24 point) http=200 t=491ms 
