2026-07-09 12:23:13,197 INFO Log file: /home/runner/work/forecast-redelong/forecast-redelong/outputs/gpm2/logs/forecast_20260709_192313.log
2026-07-09 12:23:13,198 INFO Output dir: /home/runner/work/forecast-redelong/forecast-redelong/outputs/gpm2
2026-07-09 12:23:13,198 INFO Metadata lokasi: slug=gpm2 adm4=11.17.05.2002 bmkg_point=Bale Redelong area_level=catchment_point proxy_bmkg=True
2026-07-09 12:23:13,198 INFO Koordinat: lat=4.811672965065149 lon=96.9505347134354 timezone=Asia/Jakarta
2026-07-09 12:23:13,198 INFO Catatan lokasi: Forecast Redelong representative point. BMKG ADM4 reference: 11.17.05.2002 (Bale Redelong). Initial BMKG reference for catchment point
2026-07-09 12:23:13,198 INFO Locations file: /home/runner/work/forecast-redelong/forecast-redelong/locations.json
2026-07-09 12:23:13,198 INFO Mulai proses untuk lokasi GPM2
2026-07-09 12:23:13,198 INFO Target date: 2026-07-09
2026-07-09 12:23:13,198 INFO Target hours: 06:00, 09:00, 12:00, 15:00, 18:00
2026-07-09 12:23:13,198 INFO Sumber aktif: BMKG, ECMWF, GFS, ICON, CMA, METEOFRANCE, KMA, UKMO, METNO
2026-07-09 12:23:13,198 INFO Bobot aktif: BMKG=1.35, CMA=0.85, ECMWF=1.2, GFS=1.0, ICON=1.05, KMA=0.9, METEOFRANCE=1.1, METNO=1.0, UKMO=0.95
2026-07-09 12:23:44,620 INFO Selesai.
2026-07-09 12:23:44,620 INFO Sumber sukses: 9/9
2026-07-09 12:23:44,621 INFO Total forecast point: 37
2026-07-09 12:23:44,621 INFO BMKG: OK (1/5 point) http=200 t=73ms 
2026-07-09 12:23:44,621 INFO CMA: OK (5/5 point) http=200 t=553ms 
2026-07-09 12:23:44,621 INFO ECMWF: OK (5/5 point) http=200 t=549ms 
2026-07-09 12:23:44,621 INFO GFS: OK (5/5 point) http=200 t=568ms 
2026-07-09 12:23:44,621 INFO ICON: OK (5/5 point) http=200 t=567ms 
2026-07-09 12:23:44,621 INFO KMA: OK (5/5 point) http=200 t=551ms 
2026-07-09 12:23:44,621 INFO METEOFRANCE: OK (5/5 point) http=200 t=550ms 
2026-07-09 12:23:44,621 INFO METNO: OK (1/5 point) http=200 t=583ms 
2026-07-09 12:23:44,621 INFO UKMO: OK (5/5 point) http=200 t=551ms 
