2026-07-07 08:26:41,744 INFO Log file: /home/runner/work/forecast-redelong/forecast-redelong/outputs/gpm2/logs/forecast_20260707_152641.log
2026-07-07 08:26:41,744 INFO Output dir: /home/runner/work/forecast-redelong/forecast-redelong/outputs/gpm2
2026-07-07 08:26:41,744 INFO Metadata lokasi: slug=gpm2 adm4=11.17.00.0000 bmkg_point=GPM2 area_level=catchment_point proxy_bmkg=True
2026-07-07 08:26:41,744 INFO Koordinat: lat=4.811672965065149 lon=96.9505347134354 timezone=Asia/Jakarta
2026-07-07 08:26:41,744 INFO Catatan lokasi: PLTA Redelong catchment representative point. ADM4 placeholder only; BMKG source not active in this run.
2026-07-07 08:26:41,744 INFO Locations file: /home/runner/work/forecast-redelong/forecast-redelong/locations.json
2026-07-07 08:26:41,744 INFO Mulai proses untuk lokasi GPM2
2026-07-07 08:26:41,744 INFO Target date: 2026-07-07
2026-07-07 08:26:41,744 INFO Target hours: 06:00, 09:00, 12:00, 15:00, 18:00
2026-07-07 08:26:41,744 INFO Sumber aktif: ECMWF, GFS, ICON, CMA, METEOFRANCE, KMA, UKMO, METNO
2026-07-07 08:26:41,745 INFO Bobot aktif: BMKG=1.35, CMA=0.85, ECMWF=1.2, GFS=1.0, ICON=1.05, KMA=0.9, METEOFRANCE=1.1, METNO=1.0, UKMO=0.95
2026-07-07 08:27:01,284 INFO Selesai.
2026-07-07 08:27:01,284 INFO Sumber sukses: 8/8
2026-07-07 08:27:01,284 INFO Total forecast point: 37
2026-07-07 08:27:01,284 INFO CMA: OK (5/5 point) http=200 t=460ms 
2026-07-07 08:27:01,284 INFO ECMWF: OK (5/5 point) http=200 t=487ms 
2026-07-07 08:27:01,284 INFO GFS: OK (5/5 point) http=200 t=486ms 
2026-07-07 08:27:01,284 INFO ICON: OK (5/5 point) http=200 t=463ms 
2026-07-07 08:27:01,284 INFO KMA: OK (5/5 point) http=200 t=438ms 
2026-07-07 08:27:01,284 INFO METEOFRANCE: OK (5/5 point) http=200 t=462ms 
2026-07-07 08:27:01,284 INFO METNO: OK (2/5 point) http=200 t=502ms 
2026-07-07 08:27:01,284 INFO UKMO: OK (5/5 point) http=200 t=461ms 
