2026-07-08 07:59:18,321 INFO Log file: /home/runner/work/forecast-redelong/forecast-redelong/outputs/gpm2/logs/forecast_20260708_145918.log
2026-07-08 07:59:18,322 INFO Output dir: /home/runner/work/forecast-redelong/forecast-redelong/outputs/gpm2
2026-07-08 07:59:18,322 INFO Metadata lokasi: slug=gpm2 adm4=11.17.05.2002 bmkg_point=Bale Redelong area_level=catchment_point proxy_bmkg=True
2026-07-08 07:59:18,322 INFO Koordinat: lat=4.811672965065149 lon=96.9505347134354 timezone=Asia/Jakarta
2026-07-08 07:59:18,322 INFO Catatan lokasi: Forecast Redelong representative point. BMKG ADM4 reference: 11.17.05.2002 (Bale Redelong). Initial BMKG reference for catchment point
2026-07-08 07:59:18,322 INFO Locations file: /home/runner/work/forecast-redelong/forecast-redelong/locations.json
2026-07-08 07:59:18,322 INFO Mulai proses untuk lokasi GPM2
2026-07-08 07:59:18,322 INFO Target date: 2026-07-08
2026-07-08 07:59:18,322 INFO Target hours: 06:00, 09:00, 12:00, 15:00, 18:00
2026-07-08 07:59:18,322 INFO Sumber aktif: BMKG, ECMWF, GFS, ICON, CMA, METEOFRANCE, KMA, UKMO, METNO
2026-07-08 07:59:18,322 INFO Bobot aktif: BMKG=1.35, CMA=0.85, ECMWF=1.2, GFS=1.0, ICON=1.05, KMA=0.9, METEOFRANCE=1.1, METNO=1.0, UKMO=0.95
2026-07-08 07:59:49,406 INFO Selesai.
2026-07-08 07:59:49,406 INFO Sumber sukses: 9/9
2026-07-08 07:59:49,406 INFO Total forecast point: 41
2026-07-08 07:59:49,406 INFO BMKG: OK (3/5 point) http=200 t=65ms 
2026-07-08 07:59:49,406 INFO CMA: OK (5/5 point) http=200 t=517ms 
2026-07-08 07:59:49,406 INFO ECMWF: OK (5/5 point) http=200 t=546ms 
2026-07-08 07:59:49,406 INFO GFS: OK (5/5 point) http=200 t=526ms 
2026-07-08 07:59:49,406 INFO ICON: OK (5/5 point) http=200 t=544ms 
2026-07-08 07:59:49,406 INFO KMA: OK (5/5 point) http=200 t=520ms 
2026-07-08 07:59:49,406 INFO METEOFRANCE: OK (5/5 point) http=200 t=520ms 
2026-07-08 07:59:49,406 INFO METNO: OK (3/5 point) http=200 t=415ms 
2026-07-08 07:59:49,406 INFO UKMO: OK (5/5 point) http=200 t=524ms 
