2026-07-08 08:00:22,798 INFO Log file: /home/runner/work/forecast-redelong/forecast-redelong/outputs/gpm2/logs/forecast_20260708_150022.log
2026-07-08 08:00:22,798 INFO Output dir: /home/runner/work/forecast-redelong/forecast-redelong/outputs/gpm2
2026-07-08 08:00:22,798 INFO Metadata lokasi: slug=gpm2 adm4=11.17.05.2002 bmkg_point=Bale Redelong area_level=catchment_point proxy_bmkg=True
2026-07-08 08:00:22,798 INFO Koordinat: lat=4.811672965065149 lon=96.9505347134354 timezone=Asia/Jakarta
2026-07-08 08:00:22,798 INFO Catatan lokasi: Forecast Redelong representative point. BMKG ADM4 reference: 11.17.05.2002 (Bale Redelong). Initial BMKG reference for catchment point
2026-07-08 08:00:22,798 INFO Locations file: /home/runner/work/forecast-redelong/forecast-redelong/locations.json
2026-07-08 08:00:22,799 INFO Mulai proses untuk lokasi GPM2
2026-07-08 08:00:22,799 INFO Target date: 2026-07-10
2026-07-08 08:00:22,799 INFO Target hours: 06:00, 09:00, 12:00, 15:00, 18:00
2026-07-08 08:00:22,799 INFO Sumber aktif: BMKG, ECMWF, GFS, ICON, CMA, METEOFRANCE, KMA, UKMO, METNO
2026-07-08 08:00:22,799 INFO Bobot aktif: BMKG=1.35, CMA=0.85, ECMWF=1.2, GFS=1.0, ICON=1.05, KMA=0.9, METEOFRANCE=1.1, METNO=1.0, UKMO=0.95
2026-07-08 08:01:18,647 INFO Selesai.
2026-07-08 08:01:18,647 INFO Sumber sukses: 9/9
2026-07-08 08:01:18,647 INFO Total forecast point: 45
2026-07-08 08:01:18,647 INFO BMKG: OK (5/5 point) http=200 t=60ms 
2026-07-08 08:01:18,647 INFO CMA: OK (5/5 point) http=200 t=793ms 
2026-07-08 08:01:18,647 INFO ECMWF: OK (5/5 point) http=200 t=733ms 
2026-07-08 08:01:18,647 INFO GFS: OK (5/5 point) http=200 t=729ms 
2026-07-08 08:01:18,647 INFO ICON: OK (5/5 point) http=200 t=607ms 
2026-07-08 08:01:18,647 INFO KMA: OK (5/5 point) http=200 t=491ms 
2026-07-08 08:01:18,647 INFO METEOFRANCE: OK (5/5 point) http=200 t=755ms 
2026-07-08 08:01:18,647 INFO METNO: OK (5/5 point) http=200 t=495ms 
2026-07-08 08:01:18,647 INFO UKMO: OK (5/5 point) http=200 t=569ms 
