2026-07-07 08:27:01,287 INFO Log file: /home/runner/work/forecast-redelong/forecast-redelong/outputs/gpm2/logs/forecast_20260707_152701.log
2026-07-07 08:27:01,287 INFO Output dir: /home/runner/work/forecast-redelong/forecast-redelong/outputs/gpm2
2026-07-07 08:27:01,287 INFO Metadata lokasi: slug=gpm2 adm4=11.17.00.0000 bmkg_point=GPM2 area_level=catchment_point proxy_bmkg=True
2026-07-07 08:27:01,287 INFO Koordinat: lat=4.811672965065149 lon=96.9505347134354 timezone=Asia/Jakarta
2026-07-07 08:27:01,287 INFO Catatan lokasi: PLTA Redelong catchment representative point. ADM4 placeholder only; BMKG source not active in this run.
2026-07-07 08:27:01,287 INFO Locations file: /home/runner/work/forecast-redelong/forecast-redelong/locations.json
2026-07-07 08:27:01,287 INFO Mulai proses untuk lokasi GPM2
2026-07-07 08:27:01,287 INFO Target date: 2026-07-08
2026-07-07 08:27:01,287 INFO Target hours: 06:00, 09:00, 12:00, 15:00, 18:00
2026-07-07 08:27:01,287 INFO Sumber aktif: ECMWF, GFS, ICON, CMA, METEOFRANCE, KMA, UKMO, METNO
2026-07-07 08:27:01,287 INFO Bobot aktif: BMKG=1.35, CMA=0.85, ECMWF=1.2, GFS=1.0, ICON=1.05, KMA=0.9, METEOFRANCE=1.1, METNO=1.0, UKMO=0.95
2026-07-07 08:27:09,111 INFO Selesai.
2026-07-07 08:27:09,111 INFO Sumber sukses: 8/8
2026-07-07 08:27:09,112 INFO Total forecast point: 40
2026-07-07 08:27:09,112 INFO CMA: OK (5/5 point) http=200 t=459ms 
2026-07-07 08:27:09,112 INFO ECMWF: OK (5/5 point) http=200 t=461ms 
2026-07-07 08:27:09,112 INFO GFS: OK (5/5 point) http=200 t=461ms 
2026-07-07 08:27:09,112 INFO ICON: OK (5/5 point) http=200 t=492ms 
2026-07-07 08:27:09,112 INFO KMA: OK (5/5 point) http=200 t=441ms 
2026-07-07 08:27:09,112 INFO METEOFRANCE: OK (5/5 point) http=200 t=463ms 
2026-07-07 08:27:09,112 INFO METNO: OK (5/5 point) http=200 t=559ms 
2026-07-07 08:27:09,112 INFO UKMO: OK (5/5 point) http=200 t=461ms 
